{"/home/travis/build/npmtest/node-npmtest-rollbar/test.js":{"path":"/home/travis/build/npmtest/node-npmtest-rollbar/test.js","s":{"1":2,"2":2,"3":2,"4":2,"5":2,"6":2,"7":2,"8":1,"9":2,"10":2,"11":1,"12":1,"13":1,"14":1,"15":2,"16":2,"17":2,"18":2,"19":1,"20":1,"21":2,"22":2,"23":2,"24":1,"25":1,"26":1,"27":1,"28":1,"29":1,"30":1,"31":1,"32":1,"33":1,"34":1,"35":1,"36":1,"37":1,"38":1,"39":2,"40":2,"41":1,"42":2,"43":2,"44":1,"45":2,"46":2,"47":1,"48":2,"49":2,"50":1,"51":1,"52":1,"53":1,"54":1},"b":{"1":[2,1,1,1],"2":[1,1,1,1],"3":[1,1],"4":[1,1],"5":[1,1],"6":[1,1],"7":[1,1],"8":[1,1],"9":[1,1],"10":[1,1,1],"11":[1,1],"12":[1,1],"13":[1,1],"14":[1,1],"15":[1,1],"16":[1,1],"17":[1,1]},"f":{"1":2,"2":2,"3":2,"4":2,"5":2,"6":1,"7":1,"8":1,"9":2,"10":2,"11":2,"12":2,"13":1},"fnMap":{"1":{"name":"(anonymous_1)","line":12,"loc":{"start":{"line":12,"column":1},"end":{"line":12,"column":13}}},"2":{"name":"(anonymous_2)","line":19,"loc":{"start":{"line":19,"column":5},"end":{"line":19,"column":17}}},"3":{"name":"(anonymous_3)","line":23,"loc":{"start":{"line":23,"column":24},"end":{"line":23,"column":36}}},"4":{"name":"(anonymous_4)","line":61,"loc":{"start":{"line":61,"column":5},"end":{"line":61,"column":17}}},"5":{"name":"(anonymous_5)","line":82,"loc":{"start":{"line":82,"column":5},"end":{"line":82,"column":17}}},"6":{"name":"(anonymous_6)","line":91,"loc":{"start":{"line":91,"column":77},"end":{"line":94,"column":10}}},"7":{"name":"(anonymous_7)","line":112,"loc":{"start":{"line":112,"column":83},"end":{"line":115,"column":10}},"skip":true},"8":{"name":"(anonymous_8)","line":123,"loc":{"start":{"line":123,"column":77},"end":{"line":126,"column":10}},"skip":true},"9":{"name":"(anonymous_9)","line":139,"loc":{"start":{"line":139,"column":12},"end":{"line":139,"column":40}},"skip":true},"10":{"name":"(anonymous_10)","line":147,"loc":{"start":{"line":147,"column":77},"end":{"line":150,"column":10}},"skip":true},"11":{"name":"(anonymous_11)","line":158,"loc":{"start":{"line":158,"column":83},"end":{"line":161,"column":10}},"skip":true},"12":{"name":"(anonymous_12)","line":169,"loc":{"start":{"line":169,"column":79},"end":{"line":172,"column":10}},"skip":true},"13":{"name":"(anonymous_13)","line":180,"loc":{"start":{"line":180,"column":75},"end":{"line":183,"column":10}},"skip":true}},"statementMap":{"1":{"start":{"line":12,"column":0},"end":{"line":195,"column":5}},"2":{"start":{"line":14,"column":4},"end":{"line":14,"column":14}},"3":{"start":{"line":19,"column":4},"end":{"line":56,"column":9}},"4":{"start":{"line":21,"column":8},"end":{"line":21,"column":19}},"5":{"start":{"line":23,"column":8},"end":{"line":35,"column":13}},"6":{"start":{"line":24,"column":12},"end":{"line":34,"column":13}},"7":{"start":{"line":25,"column":16},"end":{"line":28,"column":30}},"8":{"start":{"line":30,"column":16},"end":{"line":33,"column":27}},"9":{"start":{"line":37,"column":8},"end":{"line":39,"column":21}},"10":{"start":{"line":40,"column":8},"end":{"line":53,"column":9}},"11":{"start":{"line":43,"column":12},"end":{"line":46,"column":14}},"12":{"start":{"line":47,"column":12},"end":{"line":47,"column":18}},"13":{"start":{"line":50,"column":12},"end":{"line":51,"column":33}},"14":{"start":{"line":52,"column":12},"end":{"line":52,"column":18}},"15":{"start":{"line":55,"column":8},"end":{"line":55,"column":35}},"16":{"start":{"line":61,"column":4},"end":{"line":63,"column":9}},"17":{"start":{"line":62,"column":8},"end":{"line":62,"column":15}},"18":{"start":{"line":64,"column":4},"end":{"line":77,"column":5}},"19":{"start":{"line":70,"column":8},"end":{"line":70,"column":14}},"20":{"start":{"line":76,"column":8},"end":{"line":76,"column":14}},"21":{"start":{"line":82,"column":4},"end":{"line":84,"column":9}},"22":{"start":{"line":83,"column":8},"end":{"line":83,"column":15}},"23":{"start":{"line":85,"column":4},"end":{"line":194,"column":5}},"24":{"start":{"line":91,"column":8},"end":{"line":99,"column":10}},"25":{"start":{"line":98,"column":12},"end":{"line":98,"column":35}},"26":{"start":{"line":102,"column":8},"end":{"line":104,"column":63}},"27":{"start":{"line":105,"column":8},"end":{"line":105,"column":14}},"28":{"start":{"line":112,"column":8},"end":{"line":121,"column":10},"skip":true},"29":{"start":{"line":119,"column":12},"end":{"line":119,"column":55},"skip":true},"30":{"start":{"line":120,"column":12},"end":{"line":120,"column":48},"skip":true},"31":{"start":{"line":123,"column":8},"end":{"line":136,"column":10},"skip":true},"32":{"start":{"line":130,"column":12},"end":{"line":130,"column":76},"skip":true},"33":{"start":{"line":131,"column":12},"end":{"line":131,"column":73},"skip":true},"34":{"start":{"line":132,"column":12},"end":{"line":132,"column":74},"skip":true},"35":{"start":{"line":133,"column":12},"end":{"line":133,"column":79},"skip":true},"36":{"start":{"line":134,"column":12},"end":{"line":134,"column":25},"skip":true},"37":{"start":{"line":135,"column":12},"end":{"line":135,"column":45},"skip":true},"38":{"start":{"line":138,"column":8},"end":{"line":145,"column":14},"skip":true},"39":{"start":{"line":143,"column":16},"end":{"line":143,"column":29},"skip":true},"40":{"start":{"line":144,"column":16},"end":{"line":144,"column":55},"skip":true},"41":{"start":{"line":147,"column":8},"end":{"line":156,"column":10},"skip":true},"42":{"start":{"line":154,"column":12},"end":{"line":154,"column":25},"skip":true},"43":{"start":{"line":155,"column":12},"end":{"line":155,"column":45},"skip":true},"44":{"start":{"line":158,"column":8},"end":{"line":167,"column":10},"skip":true},"45":{"start":{"line":165,"column":12},"end":{"line":165,"column":25},"skip":true},"46":{"start":{"line":166,"column":12},"end":{"line":166,"column":48},"skip":true},"47":{"start":{"line":169,"column":8},"end":{"line":178,"column":10},"skip":true},"48":{"start":{"line":176,"column":12},"end":{"line":176,"column":25},"skip":true},"49":{"start":{"line":177,"column":12},"end":{"line":177,"column":46},"skip":true},"50":{"start":{"line":180,"column":8},"end":{"line":189,"column":10},"skip":true},"51":{"start":{"line":187,"column":12},"end":{"line":187,"column":94},"skip":true},"52":{"start":{"line":188,"column":12},"end":{"line":188,"column":48},"skip":true},"53":{"start":{"line":192,"column":8},"end":{"line":192,"column":35},"skip":true},"54":{"start":{"line":193,"column":8},"end":{"line":193,"column":14},"skip":true}},"branchMap":{"1":{"line":25,"type":"binary-expr","locations":[{"start":{"line":25,"column":23},"end":{"line":25,"column":62}},{"start":{"line":26,"column":20},"end":{"line":26,"column":70}},{"start":{"line":27,"column":20},"end":{"line":27,"column":71}},{"start":{"line":28,"column":20},"end":{"line":28,"column":29}}]},"2":{"line":30,"type":"binary-expr","locations":[{"start":{"line":30,"column":23},"end":{"line":30,"column":37}},{"start":{"line":31,"column":20},"end":{"line":31,"column":61}},{"start":{"line":32,"column":20},"end":{"line":32,"column":70}},{"start":{"line":33,"column":20},"end":{"line":33,"column":26}}]},"3":{"line":37,"type":"cond-expr","locations":[{"start":{"line":38,"column":14},"end":{"line":38,"column":20}},{"start":{"line":39,"column":14},"end":{"line":39,"column":20}}]},"4":{"line":40,"type":"switch","locations":[{"start":{"line":42,"column":8},"end":{"line":47,"column":18}},{"start":{"line":49,"column":8},"end":{"line":52,"column":18}}]},"5":{"line":44,"type":"binary-expr","locations":[{"start":{"line":44,"column":16},"end":{"line":44,"column":44}},{"start":{"line":44,"column":48},"end":{"line":44,"column":66}}]},"6":{"line":50,"type":"binary-expr","locations":[{"start":{"line":50,"column":21},"end":{"line":50,"column":49}},{"start":{"line":50,"column":53},"end":{"line":50,"column":72}}]},"7":{"line":64,"type":"switch","locations":[{"start":{"line":69,"column":4},"end":{"line":70,"column":14}},{"start":{"line":75,"column":4},"end":{"line":76,"column":14}}]},"8":{"line":85,"type":"switch","locations":[{"start":{"line":90,"column":4},"end":{"line":105,"column":14}},{"start":{"line":111,"column":4},"end":{"line":193,"column":14},"skip":true}]},"9":{"line":91,"type":"binary-expr","locations":[{"start":{"line":91,"column":42},"end":{"line":91,"column":73}},{"start":{"line":91,"column":77},"end":{"line":99,"column":9}}]},"10":{"line":102,"type":"binary-expr","locations":[{"start":{"line":102,"column":18},"end":{"line":102,"column":32}},{"start":{"line":103,"column":12},"end":{"line":103,"column":53}},{"start":{"line":104,"column":12},"end":{"line":104,"column":61}}]},"11":{"line":112,"type":"binary-expr","locations":[{"start":{"line":112,"column":45},"end":{"line":112,"column":79},"skip":true},{"start":{"line":112,"column":83},"end":{"line":121,"column":9},"skip":true}]},"12":{"line":123,"type":"binary-expr","locations":[{"start":{"line":123,"column":42},"end":{"line":123,"column":73},"skip":true},{"start":{"line":123,"column":77},"end":{"line":136,"column":9},"skip":true}]},"13":{"line":138,"type":"binary-expr","locations":[{"start":{"line":138,"column":48},"end":{"line":138,"column":85},"skip":true},{"start":{"line":139,"column":12},"end":{"line":145,"column":13},"skip":true}]},"14":{"line":147,"type":"binary-expr","locations":[{"start":{"line":147,"column":42},"end":{"line":147,"column":73},"skip":true},{"start":{"line":147,"column":77},"end":{"line":156,"column":9},"skip":true}]},"15":{"line":158,"type":"binary-expr","locations":[{"start":{"line":158,"column":45},"end":{"line":158,"column":79},"skip":true},{"start":{"line":158,"column":83},"end":{"line":167,"column":9},"skip":true}]},"16":{"line":169,"type":"binary-expr","locations":[{"start":{"line":169,"column":43},"end":{"line":169,"column":75},"skip":true},{"start":{"line":169,"column":79},"end":{"line":178,"column":9},"skip":true}]},"17":{"line":180,"type":"binary-expr","locations":[{"start":{"line":180,"column":41},"end":{"line":180,"column":71},"skip":true},{"start":{"line":180,"column":75},"end":{"line":189,"column":9},"skip":true}]}},"code":["/* istanbul instrument in package npmtest_rollbar */","/*jslint","    bitwise: true,","    browser: true,","    maxerr: 8,","    maxlen: 96,","    node: true,","    nomen: true,","    regexp: true,","    stupid: true","*/","(function () {","    'use strict';","    var local;","","","","    // run shared js-env code - pre-init","    (function () {","        // init local","        local = {};","        // init modeJs","        local.modeJs = (function () {","            try {","                return typeof navigator.userAgent === 'string' &&","                    typeof document.querySelector('body') === 'object' &&","                    typeof XMLHttpRequest.prototype.open === 'function' &&","                    'browser';","            } catch (errorCaughtBrowser) {","                return module.exports &&","                    typeof process.versions.node === 'string' &&","                    typeof require('http').createServer === 'function' &&","                    'node';","            }","        }());","        // init global","        local.global = local.modeJs === 'browser'","            ? window","            : global;","        switch (local.modeJs) {","        // re-init local from window.local","        case 'browser':","            local = local.global.utility2.objectSetDefault(","                local.global.utility2_rollup || local.global.local,","                local.global.utility2","            );","            break;","        // re-init local from example.js","        case 'node':","            local = (local.global.utility2_rollup || require('utility2'))","                .requireReadme();","            break;","        }","        // export local","        local.global.local = local;","    }());","","","","    // run shared js-env code - function","    (function () {","        return;","    }());","    switch (local.modeJs) {","","","","    // run browser js-env code - function","    case 'browser':","        break;","","","","    // run node js-env code - function","    case 'node':","        break;","    }","","","","    // run shared js-env code - post-init","    (function () {","        return;","    }());","    switch (local.modeJs) {","","","","    // run browser js-env code - post-init","    case 'browser':","        local.testCase_browser_nullCase = local.testCase_browser_nullCase || function (","            options,","            onError","        ) {","        /*","         * this function will test browsers's null-case handling-behavior-behavior","         */","            onError(null, options);","        };","","        // run tests","        local.nop(local.modeTest &&","            document.querySelector('#testRunButton1') &&","            document.querySelector('#testRunButton1').click());","        break;","","","","    // run node js-env code - post-init","    /* istanbul ignore next */","    case 'node':","        local.testCase_buildApidoc_default = local.testCase_buildApidoc_default || function (","            options,","            onError","        ) {","        /*","         * this function will test buildApidoc's default handling-behavior-behavior","         */","            options = { modulePathList: module.paths };","            local.buildApidoc(options, onError);","        };","","        local.testCase_buildApp_default = local.testCase_buildApp_default || function (","            options,","            onError","        ) {","        /*","         * this function will test buildApp's default handling-behavior-behavior","         */","            local.testCase_buildReadme_default(options, local.onErrorThrow);","            local.testCase_buildLib_default(options, local.onErrorThrow);","            local.testCase_buildTest_default(options, local.onErrorThrow);","            local.testCase_buildCustomOrg_default(options, local.onErrorThrow);","            options = [];","            local.buildApp(options, onError);","        };","","        local.testCase_buildCustomOrg_default = local.testCase_buildCustomOrg_default ||","            function (options, onError) {","            /*","             * this function will test buildCustomOrg's default handling-behavior","             */","                options = {};","                local.buildCustomOrg(options, onError);","            };","","        local.testCase_buildLib_default = local.testCase_buildLib_default || function (","            options,","            onError","        ) {","        /*","         * this function will test buildLib's default handling-behavior","         */","            options = {};","            local.buildLib(options, onError);","        };","","        local.testCase_buildReadme_default = local.testCase_buildReadme_default || function (","            options,","            onError","        ) {","        /*","         * this function will test buildReadme's default handling-behavior-behavior","         */","            options = {};","            local.buildReadme(options, onError);","        };","","        local.testCase_buildTest_default = local.testCase_buildTest_default || function (","            options,","            onError","        ) {","        /*","         * this function will test buildTest's default handling-behavior","         */","            options = {};","            local.buildTest(options, onError);","        };","","        local.testCase_webpage_default = local.testCase_webpage_default || function (","            options,","            onError","        ) {","        /*","         * this function will test webpage's default handling-behavior","         */","            options = { modeCoverageMerge: true, url: local.serverLocalHost + '?modeTest=1' };","            local.browserTest(options, onError);","        };","","        // run test-server","        local.testRunServer(local);","        break;","    }","}());",""],"l":{"12":2,"14":2,"19":2,"21":2,"23":2,"24":2,"25":2,"30":1,"37":2,"40":2,"43":1,"47":1,"50":1,"52":1,"55":2,"61":2,"62":2,"64":2,"70":1,"76":1,"82":2,"83":2,"85":2,"91":1,"98":1,"102":1,"105":1,"112":1,"119":1,"120":1,"123":1,"130":1,"131":1,"132":1,"133":1,"134":1,"135":1,"138":1,"143":2,"144":2,"147":1,"154":2,"155":2,"158":1,"165":2,"166":2,"169":1,"176":2,"177":2,"180":1,"187":1,"188":1,"192":1,"193":1}},"/home/travis/build/npmtest/node-npmtest-rollbar/lib.npmtest_rollbar.js":{"path":"/home/travis/build/npmtest/node-npmtest-rollbar/lib.npmtest_rollbar.js","s":{"1":2,"2":2,"3":2,"4":2,"5":2,"6":2,"7":2,"8":1,"9":2,"10":2,"11":2,"12":2,"13":1,"14":1,"15":1,"16":1},"b":{"1":[2,1,1,1],"2":[1,1,1,1],"3":[1,1],"4":[2,2],"5":[1,1]},"f":{"1":2,"2":2,"3":2},"fnMap":{"1":{"name":"(anonymous_1)","line":12,"loc":{"start":{"line":12,"column":1},"end":{"line":12,"column":13}}},"2":{"name":"(anonymous_2)","line":19,"loc":{"start":{"line":19,"column":5},"end":{"line":19,"column":17}}},"3":{"name":"(anonymous_3)","line":23,"loc":{"start":{"line":23,"column":24},"end":{"line":23,"column":36}}}},"statementMap":{"1":{"start":{"line":12,"column":0},"end":{"line":53,"column":5}},"2":{"start":{"line":14,"column":4},"end":{"line":14,"column":14}},"3":{"start":{"line":19,"column":4},"end":{"line":52,"column":9}},"4":{"start":{"line":21,"column":8},"end":{"line":21,"column":19}},"5":{"start":{"line":23,"column":8},"end":{"line":35,"column":13}},"6":{"start":{"line":24,"column":12},"end":{"line":34,"column":13}},"7":{"start":{"line":25,"column":16},"end":{"line":28,"column":30}},"8":{"start":{"line":30,"column":16},"end":{"line":33,"column":27}},"9":{"start":{"line":37,"column":8},"end":{"line":39,"column":21}},"10":{"start":{"line":41,"column":8},"end":{"line":41,"column":54}},"11":{"start":{"line":43,"column":8},"end":{"line":43,"column":52}},"12":{"start":{"line":45,"column":8},"end":{"line":51,"column":9}},"13":{"start":{"line":46,"column":12},"end":{"line":46,"column":58}},"14":{"start":{"line":48,"column":12},"end":{"line":48,"column":35}},"15":{"start":{"line":49,"column":12},"end":{"line":49,"column":49}},"16":{"start":{"line":50,"column":12},"end":{"line":50,"column":43}}},"branchMap":{"1":{"line":25,"type":"binary-expr","locations":[{"start":{"line":25,"column":23},"end":{"line":25,"column":62}},{"start":{"line":26,"column":20},"end":{"line":26,"column":70}},{"start":{"line":27,"column":20},"end":{"line":27,"column":71}},{"start":{"line":28,"column":20},"end":{"line":28,"column":29}}]},"2":{"line":30,"type":"binary-expr","locations":[{"start":{"line":30,"column":23},"end":{"line":30,"column":37}},{"start":{"line":31,"column":20},"end":{"line":31,"column":61}},{"start":{"line":32,"column":20},"end":{"line":32,"column":70}},{"start":{"line":33,"column":20},"end":{"line":33,"column":26}}]},"3":{"line":37,"type":"cond-expr","locations":[{"start":{"line":38,"column":14},"end":{"line":38,"column":20}},{"start":{"line":39,"column":14},"end":{"line":39,"column":20}}]},"4":{"line":41,"type":"binary-expr","locations":[{"start":{"line":41,"column":16},"end":{"line":41,"column":44}},{"start":{"line":41,"column":48},"end":{"line":41,"column":53}}]},"5":{"line":45,"type":"if","locations":[{"start":{"line":45,"column":8},"end":{"line":45,"column":8}},{"start":{"line":45,"column":8},"end":{"line":45,"column":8}}]}},"code":["/* istanbul instrument in package npmtest_rollbar */","/*jslint","    bitwise: true,","    browser: true,","    maxerr: 8,","    maxlen: 96,","    node: true,","    nomen: true,","    regexp: true,","    stupid: true","*/","(function () {","    'use strict';","    var local;","","","","    // run shared js-env code - pre-init","    (function () {","        // init local","        local = {};","        // init modeJs","        local.modeJs = (function () {","            try {","                return typeof navigator.userAgent === 'string' &&","                    typeof document.querySelector('body') === 'object' &&","                    typeof XMLHttpRequest.prototype.open === 'function' &&","                    'browser';","            } catch (errorCaughtBrowser) {","                return module.exports &&","                    typeof process.versions.node === 'string' &&","                    typeof require('http').createServer === 'function' &&","                    'node';","            }","        }());","        // init global","        local.global = local.modeJs === 'browser'","            ? window","            : global;","        // init utility2_rollup","        local = local.global.utility2_rollup || local;","        // init lib","        local.local = local.npmtest_rollbar = local;","        // init exports","        if (local.modeJs === 'browser') {","            local.global.utility2_npmtest_rollbar = local;","        } else {","            module.exports = local;","            module.exports.__dirname = __dirname;","            module.exports.module = module;","        }","    }());","}());",""],"l":{"12":2,"14":2,"19":2,"21":2,"23":2,"24":2,"25":2,"30":1,"37":2,"41":2,"43":2,"45":2,"46":1,"48":1,"49":1,"50":1}},"/home/travis/build/npmtest/node-npmtest-rollbar/example.js":{"path":"/home/travis/build/npmtest/node-npmtest-rollbar/example.js","s":{"1":2,"2":2,"3":2,"4":2,"5":2,"6":2,"7":2,"8":1,"9":2,"10":2,"11":2,"12":2,"13":1,"14":2,"15":2,"16":2,"17":2,"18":2,"19":0,"20":2,"21":1,"22":1,"23":1,"24":1,"25":1,"26":0,"27":0,"28":1,"29":1,"30":2,"31":0,"32":0,"33":0,"34":1,"35":2,"36":2,"37":3,"38":3,"39":3,"40":3,"41":0,"42":3,"43":3,"44":3,"45":1,"46":3,"47":1,"48":1,"49":1,"50":1,"51":1,"52":1,"53":1,"54":1,"55":1,"56":1,"57":0,"58":1,"59":6,"60":6,"61":1,"62":2,"63":0,"64":2,"65":1,"66":1,"67":0,"68":0,"69":0,"70":0,"71":0,"72":0,"73":0,"74":0,"75":0,"76":0,"77":0,"78":0,"79":0,"80":0,"81":0,"82":0,"83":0},"b":{"1":[2,1,1,1],"2":[1,1,1,1],"3":[1,1],"4":[2,2],"5":[1,1],"6":[1,1],"7":[2,0],"8":[2,1,1,1,1,1],"9":[0,2,0],"10":[1,1],"11":[2,1,1],"12":[1,0],"13":[0,2],"14":[2,0,0,0,0,0,0],"15":[0,3],"16":[3,0],"17":[1,1],"18":[0,1],"19":[1,2,0,2],"20":[1,0],"21":[1,1],"22":[0,0],"23":[0,0],"24":[0,0],"25":[0,0],"26":[0,0],"27":[0,0],"28":[0,0]},"f":{"1":2,"2":2,"3":2,"4":2,"5":2,"6":2,"7":3,"8":3,"9":3,"10":1,"11":6,"12":0},"fnMap":{"1":{"name":"(anonymous_1)","line":26,"loc":{"start":{"line":26,"column":1},"end":{"line":26,"column":13}}},"2":{"name":"(anonymous_2)","line":33,"loc":{"start":{"line":33,"column":5},"end":{"line":33,"column":17}}},"3":{"name":"(anonymous_3)","line":37,"loc":{"start":{"line":37,"column":24},"end":{"line":37,"column":36}}},"4":{"name":"(anonymous_4)","line":69,"loc":{"start":{"line":69,"column":31},"end":{"line":69,"column":48}},"skip":true},"5":{"name":"(anonymous_5)","line":78,"loc":{"start":{"line":78,"column":26},"end":{"line":78,"column":45}},"skip":true},"6":{"name":"(anonymous_6)","line":123,"loc":{"start":{"line":123,"column":33},"end":{"line":123,"column":48}},"skip":true},"7":{"name":"(anonymous_7)","line":125,"loc":{"start":{"line":125,"column":27},"end":{"line":125,"column":39}},"skip":true},"8":{"name":"(anonymous_8)","line":133,"loc":{"start":{"line":133,"column":59},"end":{"line":133,"column":74}},"skip":true},"9":{"name":"(anonymous_9)","line":143,"loc":{"start":{"line":143,"column":45},"end":{"line":143,"column":62}},"skip":true},"10":{"name":"(anonymous_10)","line":144,"loc":{"start":{"line":144,"column":73},"end":{"line":144,"column":92}},"skip":true},"11":{"name":"(anonymous_11)","line":272,"loc":{"start":{"line":272,"column":51},"end":{"line":272,"column":77}},"skip":true},"12":{"name":"(anonymous_12)","line":315,"loc":{"start":{"line":315,"column":32},"end":{"line":315,"column":61}},"skip":true}},"statementMap":{"1":{"start":{"line":26,"column":0},"end":{"line":326,"column":5}},"2":{"start":{"line":28,"column":4},"end":{"line":28,"column":14}},"3":{"start":{"line":33,"column":4},"end":{"line":60,"column":9}},"4":{"start":{"line":35,"column":8},"end":{"line":35,"column":19}},"5":{"start":{"line":37,"column":8},"end":{"line":49,"column":13}},"6":{"start":{"line":38,"column":12},"end":{"line":48,"column":13}},"7":{"start":{"line":39,"column":16},"end":{"line":42,"column":30}},"8":{"start":{"line":44,"column":16},"end":{"line":47,"column":27}},"9":{"start":{"line":51,"column":8},"end":{"line":53,"column":21}},"10":{"start":{"line":55,"column":8},"end":{"line":57,"column":45}},"11":{"start":{"line":59,"column":8},"end":{"line":59,"column":35}},"12":{"start":{"line":61,"column":4},"end":{"line":325,"column":5}},"13":{"start":{"line":69,"column":8},"end":{"line":121,"column":10},"skip":true},"14":{"start":{"line":70,"column":12},"end":{"line":88,"column":13},"skip":true},"15":{"start":{"line":76,"column":16},"end":{"line":87,"column":19},"skip":true},"16":{"start":{"line":79,"column":20},"end":{"line":86,"column":21},"skip":true},"17":{"start":{"line":82,"column":24},"end":{"line":82,"column":43},"skip":true},"18":{"start":{"line":83,"column":24},"end":{"line":83,"column":30},"skip":true},"19":{"start":{"line":85,"column":24},"end":{"line":85,"column":49},"skip":true},"20":{"start":{"line":89,"column":12},"end":{"line":107,"column":13},"skip":true},"21":{"start":{"line":92,"column":16},"end":{"line":102,"column":17},"skip":true},"22":{"start":{"line":93,"column":20},"end":{"line":93,"column":86},"skip":true},"23":{"start":{"line":94,"column":20},"end":{"line":95,"column":45},"skip":true},"24":{"start":{"line":96,"column":20},"end":{"line":96,"column":42},"skip":true},"25":{"start":{"line":97,"column":20},"end":{"line":97,"column":48},"skip":true},"26":{"start":{"line":100,"column":20},"end":{"line":100,"column":85},"skip":true},"27":{"start":{"line":101,"column":20},"end":{"line":101,"column":96},"skip":true},"28":{"start":{"line":103,"column":16},"end":{"line":103,"column":22},"skip":true},"29":{"start":{"line":106,"column":16},"end":{"line":106,"column":22},"skip":true},"30":{"start":{"line":108,"column":12},"end":{"line":120,"column":13},"skip":true},"31":{"start":{"line":114,"column":16},"end":{"line":119,"column":17},"skip":true},"32":{"start":{"line":116,"column":20},"end":{"line":116,"column":78},"skip":true},"33":{"start":{"line":118,"column":20},"end":{"line":118,"column":47},"skip":true},"34":{"start":{"line":123,"column":8},"end":{"line":141,"column":11},"skip":true},"35":{"start":{"line":124,"column":12},"end":{"line":124,"column":54},"skip":true},"36":{"start":{"line":125,"column":12},"end":{"line":140,"column":14},"skip":true},"37":{"start":{"line":126,"column":16},"end":{"line":126,"column":28},"skip":true},"38":{"start":{"line":127,"column":16},"end":{"line":127,"column":69},"skip":true},"39":{"start":{"line":128,"column":16},"end":{"line":128,"column":75},"skip":true},"40":{"start":{"line":129,"column":16},"end":{"line":131,"column":17},"skip":true},"41":{"start":{"line":130,"column":20},"end":{"line":130,"column":27},"skip":true},"42":{"start":{"line":133,"column":16},"end":{"line":137,"column":36},"skip":true},"43":{"start":{"line":134,"column":20},"end":{"line":136,"column":55},"skip":true},"44":{"start":{"line":139,"column":16},"end":{"line":139,"column":57},"skip":true},"45":{"start":{"line":143,"column":8},"end":{"line":147,"column":11},"skip":true},"46":{"start":{"line":144,"column":12},"end":{"line":146,"column":15},"skip":true},"47":{"start":{"line":145,"column":16},"end":{"line":145,"column":70},"skip":true},"48":{"start":{"line":149,"column":8},"end":{"line":149,"column":31},"skip":true},"49":{"start":{"line":150,"column":8},"end":{"line":150,"column":14},"skip":true},"50":{"start":{"line":158,"column":8},"end":{"line":158,"column":31},"skip":true},"51":{"start":{"line":160,"column":8},"end":{"line":160,"column":33},"skip":true},"52":{"start":{"line":161,"column":8},"end":{"line":161,"column":37},"skip":true},"53":{"start":{"line":162,"column":8},"end":{"line":162,"column":35},"skip":true},"54":{"start":{"line":164,"column":8},"end":{"line":164,"column":50},"skip":true},"55":{"start":{"line":166,"column":8},"end":{"line":256,"column":2},"skip":true},"56":{"start":{"line":258,"column":8},"end":{"line":286,"column":9},"skip":true},"57":{"start":{"line":259,"column":12},"end":{"line":269,"column":14},"skip":true},"58":{"start":{"line":271,"column":12},"end":{"line":285,"column":19},"skip":true},"59":{"start":{"line":274,"column":20},"end":{"line":274,"column":35},"skip":true},"60":{"start":{"line":275,"column":20},"end":{"line":284,"column":21},"skip":true},"61":{"start":{"line":277,"column":24},"end":{"line":277,"column":64},"skip":true},"62":{"start":{"line":279,"column":24},"end":{"line":279,"column":40},"skip":true},"63":{"start":{"line":281,"column":24},"end":{"line":281,"column":40},"skip":true},"64":{"start":{"line":283,"column":24},"end":{"line":283,"column":39},"skip":true},"65":{"start":{"line":288,"column":8},"end":{"line":290,"column":9},"skip":true},"66":{"start":{"line":289,"column":12},"end":{"line":289,"column":18},"skip":true},"67":{"start":{"line":291,"column":8},"end":{"line":293,"column":54},"skip":true},"68":{"start":{"line":296,"column":8},"end":{"line":301,"column":37},"skip":true},"69":{"start":{"line":303,"column":8},"end":{"line":303,"column":82},"skip":true},"70":{"start":{"line":306,"column":8},"end":{"line":308,"column":9},"skip":true},"71":{"start":{"line":307,"column":12},"end":{"line":307,"column":82},"skip":true},"72":{"start":{"line":310,"column":8},"end":{"line":312,"column":9},"skip":true},"73":{"start":{"line":311,"column":12},"end":{"line":311,"column":18},"skip":true},"74":{"start":{"line":313,"column":8},"end":{"line":313,"column":54},"skip":true},"75":{"start":{"line":314,"column":8},"end":{"line":314,"column":69},"skip":true},"76":{"start":{"line":315,"column":8},"end":{"line":323,"column":36},"skip":true},"77":{"start":{"line":316,"column":12},"end":{"line":316,"column":61},"skip":true},"78":{"start":{"line":317,"column":12},"end":{"line":320,"column":13},"skip":true},"79":{"start":{"line":318,"column":16},"end":{"line":318,"column":75},"skip":true},"80":{"start":{"line":319,"column":16},"end":{"line":319,"column":23},"skip":true},"81":{"start":{"line":321,"column":12},"end":{"line":321,"column":38},"skip":true},"82":{"start":{"line":322,"column":12},"end":{"line":322,"column":27},"skip":true},"83":{"start":{"line":324,"column":8},"end":{"line":324,"column":14},"skip":true}},"branchMap":{"1":{"line":39,"type":"binary-expr","locations":[{"start":{"line":39,"column":23},"end":{"line":39,"column":62}},{"start":{"line":40,"column":20},"end":{"line":40,"column":70}},{"start":{"line":41,"column":20},"end":{"line":41,"column":71}},{"start":{"line":42,"column":20},"end":{"line":42,"column":29}}]},"2":{"line":44,"type":"binary-expr","locations":[{"start":{"line":44,"column":23},"end":{"line":44,"column":37}},{"start":{"line":45,"column":20},"end":{"line":45,"column":61}},{"start":{"line":46,"column":20},"end":{"line":46,"column":70}},{"start":{"line":47,"column":20},"end":{"line":47,"column":26}}]},"3":{"line":51,"type":"cond-expr","locations":[{"start":{"line":52,"column":14},"end":{"line":52,"column":20}},{"start":{"line":53,"column":14},"end":{"line":53,"column":20}}]},"4":{"line":55,"type":"binary-expr","locations":[{"start":{"line":55,"column":16},"end":{"line":55,"column":44}},{"start":{"line":55,"column":49},"end":{"line":57,"column":43}}]},"5":{"line":55,"type":"cond-expr","locations":[{"start":{"line":56,"column":14},"end":{"line":56,"column":51}},{"start":{"line":57,"column":14},"end":{"line":57,"column":43}}]},"6":{"line":61,"type":"switch","locations":[{"start":{"line":68,"column":4},"end":{"line":150,"column":14},"skip":true},{"start":{"line":156,"column":4},"end":{"line":324,"column":14},"skip":true}]},"7":{"line":70,"type":"if","locations":[{"start":{"line":70,"column":12},"end":{"line":70,"column":12},"skip":true},{"start":{"line":70,"column":12},"end":{"line":70,"column":12},"skip":true}]},"8":{"line":70,"type":"binary-expr","locations":[{"start":{"line":70,"column":16},"end":{"line":70,"column":22},"skip":true},{"start":{"line":70,"column":27},"end":{"line":70,"column":32},"skip":true},{"start":{"line":71,"column":20},"end":{"line":71,"column":39},"skip":true},{"start":{"line":72,"column":20},"end":{"line":72,"column":49},"skip":true},{"start":{"line":73,"column":20},"end":{"line":73,"column":58},"skip":true},{"start":{"line":74,"column":20},"end":{"line":74,"column":69},"skip":true}]},"9":{"line":79,"type":"switch","locations":[{"start":{"line":80,"column":20},"end":{"line":80,"column":33},"skip":true},{"start":{"line":81,"column":20},"end":{"line":83,"column":30},"skip":true},{"start":{"line":84,"column":20},"end":{"line":85,"column":49},"skip":true}]},"10":{"line":89,"type":"switch","locations":[{"start":{"line":90,"column":12},"end":{"line":103,"column":22},"skip":true},{"start":{"line":105,"column":12},"end":{"line":106,"column":22},"skip":true}]},"11":{"line":89,"type":"binary-expr","locations":[{"start":{"line":89,"column":20},"end":{"line":89,"column":25},"skip":true},{"start":{"line":89,"column":29},"end":{"line":89,"column":48},"skip":true},{"start":{"line":89,"column":52},"end":{"line":89,"column":74},"skip":true}]},"12":{"line":92,"type":"if","locations":[{"start":{"line":92,"column":16},"end":{"line":92,"column":16},"skip":true},{"start":{"line":92,"column":16},"end":{"line":92,"column":16},"skip":true}]},"13":{"line":108,"type":"if","locations":[{"start":{"line":108,"column":12},"end":{"line":108,"column":12},"skip":true},{"start":{"line":108,"column":12},"end":{"line":108,"column":12},"skip":true}]},"14":{"line":108,"type":"binary-expr","locations":[{"start":{"line":108,"column":16},"end":{"line":108,"column":61},"skip":true},{"start":{"line":108,"column":66},"end":{"line":108,"column":72},"skip":true},{"start":{"line":108,"column":77},"end":{"line":108,"column":82},"skip":true},{"start":{"line":109,"column":20},"end":{"line":109,"column":39},"skip":true},{"start":{"line":110,"column":20},"end":{"line":110,"column":49},"skip":true},{"start":{"line":111,"column":20},"end":{"line":111,"column":58},"skip":true},{"start":{"line":112,"column":20},"end":{"line":112,"column":68},"skip":true}]},"15":{"line":129,"type":"if","locations":[{"start":{"line":129,"column":16},"end":{"line":129,"column":16},"skip":true},{"start":{"line":129,"column":16},"end":{"line":129,"column":16},"skip":true}]},"16":{"line":134,"type":"cond-expr","locations":[{"start":{"line":135,"column":26},"end":{"line":135,"column":29},"skip":true},{"start":{"line":136,"column":26},"end":{"line":136,"column":54},"skip":true}]},"17":{"line":164,"type":"binary-expr","locations":[{"start":{"line":164,"column":27},"end":{"line":164,"column":43},"skip":true},{"start":{"line":164,"column":47},"end":{"line":164,"column":49},"skip":true}]},"18":{"line":258,"type":"if","locations":[{"start":{"line":258,"column":8},"end":{"line":258,"column":8},"skip":true},{"start":{"line":258,"column":8},"end":{"line":258,"column":8},"skip":true}]},"19":{"line":275,"type":"switch","locations":[{"start":{"line":276,"column":20},"end":{"line":277,"column":64},"skip":true},{"start":{"line":278,"column":20},"end":{"line":279,"column":40},"skip":true},{"start":{"line":280,"column":20},"end":{"line":281,"column":40},"skip":true},{"start":{"line":282,"column":20},"end":{"line":283,"column":39},"skip":true}]},"20":{"line":288,"type":"if","locations":[{"start":{"line":288,"column":8},"end":{"line":288,"column":8},"skip":true},{"start":{"line":288,"column":8},"end":{"line":288,"column":8},"skip":true}]},"21":{"line":288,"type":"binary-expr","locations":[{"start":{"line":288,"column":12},"end":{"line":288,"column":40},"skip":true},{"start":{"line":288,"column":44},"end":{"line":288,"column":67},"skip":true}]},"22":{"line":292,"type":"binary-expr","locations":[{"start":{"line":292,"column":12},"end":{"line":292,"column":50},"skip":true},{"start":{"line":293,"column":12},"end":{"line":293,"column":53},"skip":true}]},"23":{"line":297,"type":"binary-expr","locations":[{"start":{"line":297,"column":12},"end":{"line":297,"column":65},"skip":true},{"start":{"line":298,"column":12},"end":{"line":301,"column":36},"skip":true}]},"24":{"line":303,"type":"binary-expr","locations":[{"start":{"line":303,"column":43},"end":{"line":303,"column":75},"skip":true},{"start":{"line":303,"column":79},"end":{"line":303,"column":81},"skip":true}]},"25":{"line":306,"type":"if","locations":[{"start":{"line":306,"column":8},"end":{"line":306,"column":8},"skip":true},{"start":{"line":306,"column":8},"end":{"line":306,"column":8},"skip":true}]},"26":{"line":310,"type":"if","locations":[{"start":{"line":310,"column":8},"end":{"line":310,"column":8},"skip":true},{"start":{"line":310,"column":8},"end":{"line":310,"column":8},"skip":true}]},"27":{"line":313,"type":"binary-expr","locations":[{"start":{"line":313,"column":27},"end":{"line":313,"column":43},"skip":true},{"start":{"line":313,"column":47},"end":{"line":313,"column":53},"skip":true}]},"28":{"line":317,"type":"if","locations":[{"start":{"line":317,"column":12},"end":{"line":317,"column":12},"skip":true},{"start":{"line":317,"column":12},"end":{"line":317,"column":12},"skip":true}]}},"code":["/*","example.js","","quickstart example","","instruction","    1. save this script as example.js","    2. run the shell command:","        $ npm install npmtest-rollbar && PORT=8081 node example.js","    3. play with the browser-demo on http://127.0.0.1:8081","*/","","","","/* istanbul instrument in package npmtest_rollbar */","/*jslint","    bitwise: true,","    browser: true,","    maxerr: 8,","    maxlen: 96,","    node: true,","    nomen: true,","    regexp: true,","    stupid: true","*/","(function () {","    'use strict';","    var local;","","","","    // run shared js-env code - pre-init","    (function () {","        // init local","        local = {};","        // init modeJs","        local.modeJs = (function () {","            try {","                return typeof navigator.userAgent === 'string' &&","                    typeof document.querySelector('body') === 'object' &&","                    typeof XMLHttpRequest.prototype.open === 'function' &&","                    'browser';","            } catch (errorCaughtBrowser) {","                return module.exports &&","                    typeof process.versions.node === 'string' &&","                    typeof require('http').createServer === 'function' &&","                    'node';","            }","        }());","        // init global","        local.global = local.modeJs === 'browser'","            ? window","            : global;","        // init utility2_rollup","        local = local.global.utility2_rollup || (local.modeJs === 'browser'","            ? local.global.utility2_npmtest_rollbar","            : global.utility2_moduleExports);","        // export local","        local.global.local = local;","    }());","    switch (local.modeJs) {","","","","    // post-init","    // run browser js-env code - post-init","    /* istanbul ignore next */","    case 'browser':","        local.testRunBrowser = function (event) {","            if (!event || (event &&","                    event.currentTarget &&","                    event.currentTarget.className &&","                    event.currentTarget.className.includes &&","                    event.currentTarget.className.includes('onreset'))) {","                // reset output","                Array.from(","                    document.querySelectorAll('body > .resettable')","                ).forEach(function (element) {","                    switch (element.tagName) {","                    case 'INPUT':","                    case 'TEXTAREA':","                        element.value = '';","                        break;","                    default:","                        element.textContent = '';","                    }","                });","            }","            switch (event && event.currentTarget && event.currentTarget.id) {","            case 'testRunButton1':","                // show tests","                if (document.querySelector('#testReportDiv1').style.display === 'none') {","                    document.querySelector('#testReportDiv1').style.display = 'block';","                    document.querySelector('#testRunButton1').textContent =","                        'hide internal test';","                    local.modeTest = true;","                    local.testRunDefault(local);","                // hide tests","                } else {","                    document.querySelector('#testReportDiv1').style.display = 'none';","                    document.querySelector('#testRunButton1').textContent = 'run internal test';","                }","                break;","            // custom-case","            default:","                break;","            }","            if (document.querySelector('#inputTextareaEval1') && (!event || (event &&","                    event.currentTarget &&","                    event.currentTarget.className &&","                    event.currentTarget.className.includes &&","                    event.currentTarget.className.includes('oneval')))) {","                // try to eval input-code","                try {","                    /*jslint evil: true*/","                    eval(document.querySelector('#inputTextareaEval1').value);","                } catch (errorCaught) {","                    console.error(errorCaught);","                }","            }","        };","        // log stderr and stdout to #outputTextareaStdout1","        ['error', 'log'].forEach(function (key) {","            console[key + '_original'] = console[key];","            console[key] = function () {","                var element;","                console[key + '_original'].apply(console, arguments);","                element = document.querySelector('#outputTextareaStdout1');","                if (!element) {","                    return;","                }","                // append text to #outputTextareaStdout1","                element.value += Array.from(arguments).map(function (arg) {","                    return typeof arg === 'string'","                        ? arg","                        : JSON.stringify(arg, null, 4);","                }).join(' ') + '\\n';","                // scroll textarea to bottom","                element.scrollTop = element.scrollHeight;","            };","        });","        // init event-handling","        ['change', 'click', 'keyup'].forEach(function (event) {","            Array.from(document.querySelectorAll('.on' + event)).forEach(function (element) {","                element.addEventListener(event, local.testRunBrowser);","            });","        });","        // run tests","        local.testRunBrowser();","        break;","","","","    // run node js-env code - post-init","    /* istanbul ignore next */","    case 'node':","        // export local","        module.exports = local;","        // require modules","        local.fs = require('fs');","        local.http = require('http');","        local.url = require('url');","        // init assets","        local.assetsDict = local.assetsDict || {};","        /* jslint-ignore-begin */","        local.assetsDict['/assets.index.template.html'] = '\\","<!doctype html>\\n\\","<html lang=\"en\">\\n\\","<head>\\n\\","<meta charset=\"UTF-8\">\\n\\","<meta name=\"viewport\" content=\"width=device-width, initial-scale=1\">\\n\\","<title>{{env.npm_package_name}} (v{{env.npm_package_version}})</title>\\n\\","<style>\\n\\","/*csslint\\n\\","    box-sizing: false,\\n\\","    universal-selector: false\\n\\","*/\\n\\","* {\\n\\","    box-sizing: border-box;\\n\\","}\\n\\","body {\\n\\","    background: #dde;\\n\\","    font-family: Arial, Helvetica, sans-serif;\\n\\","    margin: 2rem;\\n\\","}\\n\\","body > * {\\n\\","    margin-bottom: 1rem;\\n\\","}\\n\\",".utility2FooterDiv {\\n\\","    margin-top: 20px;\\n\\","    text-align: center;\\n\\","}\\n\\","</style>\\n\\","<style>\\n\\","/*csslint\\n\\","*/\\n\\","textarea {\\n\\","    font-family: monospace;\\n\\","    height: 10rem;\\n\\","    width: 100%;\\n\\","}\\n\\","textarea[readonly] {\\n\\","    background: #ddd;\\n\\","}\\n\\","</style>\\n\\","</head>\\n\\","<body>\\n\\","<!-- utility2-comment\\n\\","<div id=\"ajaxProgressDiv1\" style=\"background: #d00; height: 2px; left: 0; margin: 0; padding: 0; position: fixed; top: 0; transition: background 0.5s, width 1.5s; width: 25%;\"></div>\\n\\","utility2-comment -->\\n\\","<h1>\\n\\","<!-- utility2-comment\\n\\","    <a\\n\\","        {{#if env.npm_package_homepage}}\\n\\","        href=\"{{env.npm_package_homepage}}\"\\n\\","        {{/if env.npm_package_homepage}}\\n\\","        target=\"_blank\"\\n\\","    >\\n\\","utility2-comment -->\\n\\","        {{env.npm_package_name}} (v{{env.npm_package_version}})\\n\\","<!-- utility2-comment\\n\\","    </a>\\n\\","utility2-comment -->\\n\\","</h1>\\n\\","<h3>{{env.npm_package_description}}</h3>\\n\\","<!-- utility2-comment\\n\\","<h4><a download href=\"assets.app.js\">download standalone app</a></h4>\\n\\","<button class=\"onclick onreset\" id=\"testRunButton1\">run internal test</button><br>\\n\\","<div id=\"testReportDiv1\" style=\"display: none;\"></div>\\n\\","utility2-comment -->\\n\\","\\n\\","\\n\\","\\n\\","<label>stderr and stdout</label>\\n\\","<textarea class=\"resettable\" id=\"outputTextareaStdout1\" readonly></textarea>\\n\\","<!-- utility2-comment\\n\\","{{#if isRollup}}\\n\\","<script src=\"assets.app.js\"></script>\\n\\","{{#unless isRollup}}\\n\\","utility2-comment -->\\n\\","<script src=\"assets.utility2.rollup.js\"></script>\\n\\","<script src=\"jsonp.utility2._stateInit?callback=window.utility2._stateInit\"></script>\\n\\","<script src=\"assets.npmtest_rollbar.rollup.js\"></script>\\n\\","<script src=\"assets.example.js\"></script>\\n\\","<script src=\"assets.test.js\"></script>\\n\\","<!-- utility2-comment\\n\\","{{/if isRollup}}\\n\\","utility2-comment -->\\n\\","<div class=\"utility2FooterDiv\">\\n\\","    [ this app was created with\\n\\","    <a href=\"https://github.com/kaizhu256/node-utility2\" target=\"_blank\">utility2</a>\\n\\","    ]\\n\\","</div>\\n\\","</body>\\n\\","</html>\\n\\","';","        /* jslint-ignore-end */","        if (local.templateRender) {","            local.assetsDict['/'] = local.templateRender(","                local.assetsDict['/assets.index.template.html'],","                {","                    env: local.objectSetDefault(local.env, {","                        npm_package_description: 'the greatest app in the world!',","                        npm_package_name: 'my-app',","                        npm_package_nameAlias: 'my_app',","                        npm_package_version: '0.0.1'","                    })","                }","            );","        } else {","            local.assetsDict['/'] = local.assetsDict['/assets.index.template.html']","                .replace((/\\{\\{env\\.(\\w+?)\\}\\}/g), function (match0, match1) {","                    // jslint-hack","                    String(match0);","                    switch (match1) {","                    case 'npm_package_description':","                        return 'the greatest app in the world!';","                    case 'npm_package_name':","                        return 'my-app';","                    case 'npm_package_nameAlias':","                        return 'my_app';","                    case 'npm_package_version':","                        return '0.0.1';","                    }","                });","        }","        // run the cli","        if (local.global.utility2_rollup || module !== require.main) {","            break;","        }","        local.assetsDict['/assets.example.js'] =","            local.assetsDict['/assets.example.js'] ||","            local.fs.readFileSync(__filename, 'utf8');","        // bug-workaround - long $npm_package_buildCustomOrg","        /* jslint-ignore-begin */","        local.assetsDict['/assets.npmtest_rollbar.rollup.js'] =","            local.assetsDict['/assets.npmtest_rollbar.rollup.js'] ||","            local.fs.readFileSync(","                local.npmtest_rollbar.__dirname + '/lib.npmtest_rollbar.js',","                'utf8'","            ).replace((/^#!/), '//');","        /* jslint-ignore-end */","        local.assetsDict['/favicon.ico'] = local.assetsDict['/favicon.ico'] || '';","        // if $npm_config_timeout_exit exists,","        // then exit this process after $npm_config_timeout_exit ms","        if (Number(process.env.npm_config_timeout_exit)) {","            setTimeout(process.exit, Number(process.env.npm_config_timeout_exit));","        }","        // start server","        if (local.global.utility2_serverHttp1) {","            break;","        }","        process.env.PORT = process.env.PORT || '8081';","        console.error('server starting on port ' + process.env.PORT);","        local.http.createServer(function (request, response) {","            request.urlParsed = local.url.parse(request.url);","            if (local.assetsDict[request.urlParsed.pathname] !== undefined) {","                response.end(local.assetsDict[request.urlParsed.pathname]);","                return;","            }","            response.statusCode = 404;","            response.end();","        }).listen(process.env.PORT);","        break;","    }","}());",""],"l":{"26":2,"28":2,"33":2,"35":2,"37":2,"38":2,"39":2,"44":1,"51":2,"55":2,"59":2,"61":2,"69":1,"70":2,"76":2,"79":2,"82":2,"83":2,"85":1,"89":2,"92":1,"93":1,"94":1,"96":1,"97":1,"100":1,"101":1,"103":1,"106":1,"108":2,"114":1,"116":1,"118":1,"123":1,"124":2,"125":2,"126":3,"127":3,"128":3,"129":3,"130":1,"133":3,"134":3,"139":3,"143":1,"144":3,"145":1,"149":1,"150":1,"158":1,"160":1,"161":1,"162":1,"164":1,"166":1,"258":1,"259":1,"271":1,"274":6,"275":6,"277":1,"279":2,"281":1,"283":2,"288":1,"289":1,"291":1,"296":1,"303":1,"306":1,"307":1,"310":1,"311":1,"313":1,"314":1,"315":1,"316":1,"317":1,"318":1,"319":1,"321":1,"322":1,"324":1}},"/home/travis/build/npmtest/node-npmtest-rollbar/node_modules/rollbar/rollbar.js":{"path":"/home/travis/build/npmtest/node-npmtest-rollbar/node_modules/rollbar/rollbar.js","s":{"1":1,"2":1,"3":1,"4":1,"5":1,"6":1,"7":1,"8":0,"9":0,"10":0,"11":0,"12":0,"13":0,"14":0,"15":0,"16":0,"17":1,"18":1,"19":1,"20":1,"21":1,"22":0,"23":0,"24":0,"25":0,"26":0,"27":0,"28":0,"29":0,"30":0,"31":0,"32":0,"33":1,"34":0,"35":0,"36":1,"37":0,"38":0,"39":0,"40":0,"41":0,"42":0,"43":0,"44":0,"45":0,"46":0,"47":0,"48":0,"49":0,"50":0,"51":0,"52":1,"53":0,"54":0,"55":0,"56":0,"57":0,"58":0,"59":0,"60":0,"61":0,"62":0,"63":0,"64":1,"65":1,"66":1,"67":1,"68":1},"b":{"1":[0,0],"2":[0,0],"3":[0,0],"4":[0,0],"5":[0,0,0],"6":[0,0],"7":[0,0],"8":[0,0],"9":[0,0],"10":[0,0],"11":[0,0],"12":[0,0],"13":[0,0],"14":[0,0],"15":[0,0],"16":[0,0]},"f":{"1":0,"2":0,"3":0,"4":0,"5":0,"6":0,"7":0,"8":0,"9":0,"10":0,"11":0},"fnMap":{"1":{"name":"(anonymous_1)","line":68,"loc":{"start":{"line":68,"column":15},"end":{"line":68,"column":47}}},"2":{"name":"(anonymous_2)","line":206,"loc":{"start":{"line":206,"column":23},"end":{"line":206,"column":55}}},"3":{"name":"(anonymous_3)","line":215,"loc":{"start":{"line":215,"column":9},"end":{"line":215,"column":40}}},"4":{"name":"(anonymous_4)","line":216,"loc":{"start":{"line":216,"column":13},"end":{"line":216,"column":35}}},"5":{"name":"(anonymous_5)","line":235,"loc":{"start":{"line":235,"column":48},"end":{"line":235,"column":80}}},"6":{"name":"(anonymous_6)","line":240,"loc":{"start":{"line":240,"column":35},"end":{"line":240,"column":67}}},"7":{"name":"(anonymous_7)","line":262,"loc":{"start":{"line":262,"column":36},"end":{"line":262,"column":51}}},"8":{"name":"(anonymous_8)","line":266,"loc":{"start":{"line":266,"column":32},"end":{"line":266,"column":47}}},"9":{"name":"(anonymous_9)","line":282,"loc":{"start":{"line":282,"column":36},"end":{"line":282,"column":68}}},"10":{"name":"(anonymous_10)","line":292,"loc":{"start":{"line":292,"column":37},"end":{"line":292,"column":55}}},"11":{"name":"(anonymous_11)","line":296,"loc":{"start":{"line":296,"column":35},"end":{"line":296,"column":50}}}},"statementMap":{"1":{"start":{"line":5,"column":0},"end":{"line":5,"column":37}},"2":{"start":{"line":6,"column":0},"end":{"line":6,"column":31}},"3":{"start":{"line":7,"column":0},"end":{"line":7,"column":41}},"4":{"start":{"line":8,"column":0},"end":{"line":8,"column":37}},"5":{"start":{"line":9,"column":0},"end":{"line":9,"column":42}},"6":{"start":{"line":11,"column":0},"end":{"line":11,"column":24}},"7":{"start":{"line":68,"column":0},"end":{"line":99,"column":2}},"8":{"start":{"line":86,"column":2},"end":{"line":98,"column":3}},"9":{"start":{"line":87,"column":4},"end":{"line":87,"column":28}},"10":{"start":{"line":88,"column":4},"end":{"line":91,"column":5}},"11":{"start":{"line":89,"column":6},"end":{"line":89,"column":44}},"12":{"start":{"line":90,"column":6},"end":{"line":90,"column":13}},"13":{"start":{"line":93,"column":4},"end":{"line":93,"column":87}},"14":{"start":{"line":95,"column":4},"end":{"line":95,"column":35}},"15":{"start":{"line":96,"column":4},"end":{"line":96,"column":32}},"16":{"start":{"line":97,"column":4},"end":{"line":97,"column":23}},"17":{"start":{"line":130,"column":0},"end":{"line":130,"column":47}},"18":{"start":{"line":154,"column":0},"end":{"line":154,"column":77}},"19":{"start":{"line":178,"column":0},"end":{"line":178,"column":43}},"20":{"start":{"line":203,"column":0},"end":{"line":203,"column":73}},"21":{"start":{"line":206,"column":0},"end":{"line":233,"column":2}},"22":{"start":{"line":214,"column":2},"end":{"line":214,"column":37}},"23":{"start":{"line":215,"column":2},"end":{"line":232,"column":4}},"24":{"start":{"line":216,"column":4},"end":{"line":221,"column":6}},"25":{"start":{"line":217,"column":6},"end":{"line":219,"column":7}},"26":{"start":{"line":218,"column":8},"end":{"line":218,"column":76}},"27":{"start":{"line":220,"column":6},"end":{"line":220,"column":33}},"28":{"start":{"line":223,"column":4},"end":{"line":225,"column":5}},"29":{"start":{"line":224,"column":6},"end":{"line":224,"column":33}},"30":{"start":{"line":227,"column":4},"end":{"line":229,"column":5}},"31":{"start":{"line":228,"column":6},"end":{"line":228,"column":48}},"32":{"start":{"line":231,"column":4},"end":{"line":231,"column":69}},"33":{"start":{"line":235,"column":0},"end":{"line":238,"column":2}},"34":{"start":{"line":236,"column":2},"end":{"line":236,"column":57}},"35":{"start":{"line":237,"column":2},"end":{"line":237,"column":58}},"36":{"start":{"line":240,"column":0},"end":{"line":280,"column":2}},"37":{"start":{"line":254,"column":2},"end":{"line":254,"column":26}},"38":{"start":{"line":255,"column":2},"end":{"line":256,"column":50}},"39":{"start":{"line":257,"column":2},"end":{"line":257,"column":41}},"40":{"start":{"line":259,"column":2},"end":{"line":259,"column":37}},"41":{"start":{"line":261,"column":2},"end":{"line":279,"column":3}},"42":{"start":{"line":262,"column":4},"end":{"line":276,"column":7}},"43":{"start":{"line":263,"column":6},"end":{"line":263,"column":51}},"44":{"start":{"line":264,"column":6},"end":{"line":264,"column":24}},"45":{"start":{"line":266,"column":6},"end":{"line":275,"column":9}},"46":{"start":{"line":267,"column":8},"end":{"line":270,"column":9}},"47":{"start":{"line":268,"column":10},"end":{"line":268,"column":85}},"48":{"start":{"line":269,"column":10},"end":{"line":269,"column":28}},"49":{"start":{"line":272,"column":8},"end":{"line":274,"column":9}},"50":{"start":{"line":273,"column":10},"end":{"line":273,"column":26}},"51":{"start":{"line":278,"column":4},"end":{"line":278,"column":89}},"52":{"start":{"line":282,"column":0},"end":{"line":306,"column":2}},"53":{"start":{"line":287,"column":2},"end":{"line":287,"column":26}},"54":{"start":{"line":289,"column":2},"end":{"line":289,"column":37}},"55":{"start":{"line":291,"column":2},"end":{"line":305,"column":3}},"56":{"start":{"line":292,"column":4},"end":{"line":302,"column":7}},"57":{"start":{"line":293,"column":6},"end":{"line":293,"column":52}},"58":{"start":{"line":294,"column":6},"end":{"line":294,"column":27}},"59":{"start":{"line":296,"column":6},"end":{"line":301,"column":8}},"60":{"start":{"line":297,"column":8},"end":{"line":300,"column":9}},"61":{"start":{"line":298,"column":10},"end":{"line":298,"column":86}},"62":{"start":{"line":299,"column":10},"end":{"line":299,"column":28}},"63":{"start":{"line":304,"column":4},"end":{"line":304,"column":89}},"64":{"start":{"line":308,"column":0},"end":{"line":308,"column":29}},"65":{"start":{"line":310,"column":0},"end":{"line":310,"column":18}},"66":{"start":{"line":311,"column":0},"end":{"line":311,"column":28}},"67":{"start":{"line":312,"column":0},"end":{"line":312,"column":24}},"68":{"start":{"line":313,"column":0},"end":{"line":313,"column":29}}},"branchMap":{"1":{"line":86,"type":"if","locations":[{"start":{"line":86,"column":2},"end":{"line":86,"column":2}},{"start":{"line":86,"column":2},"end":{"line":86,"column":2}}]},"2":{"line":87,"type":"binary-expr","locations":[{"start":{"line":87,"column":14},"end":{"line":87,"column":21}},{"start":{"line":87,"column":25},"end":{"line":87,"column":27}}]},"3":{"line":88,"type":"if","locations":[{"start":{"line":88,"column":4},"end":{"line":88,"column":4}},{"start":{"line":88,"column":4},"end":{"line":88,"column":4}}]},"4":{"line":88,"type":"binary-expr","locations":[{"start":{"line":88,"column":8},"end":{"line":88,"column":20}},{"start":{"line":88,"column":24},"end":{"line":88,"column":49}}]},"5":{"line":93,"type":"binary-expr","locations":[{"start":{"line":93,"column":26},"end":{"line":93,"column":45}},{"start":{"line":93,"column":49},"end":{"line":93,"column":69}},{"start":{"line":93,"column":73},"end":{"line":93,"column":86}}]},"6":{"line":217,"type":"if","locations":[{"start":{"line":217,"column":6},"end":{"line":217,"column":6}},{"start":{"line":217,"column":6},"end":{"line":217,"column":6}}]},"7":{"line":223,"type":"if","locations":[{"start":{"line":223,"column":4},"end":{"line":223,"column":4}},{"start":{"line":223,"column":4},"end":{"line":223,"column":4}}]},"8":{"line":227,"type":"if","locations":[{"start":{"line":227,"column":4},"end":{"line":227,"column":4}},{"start":{"line":227,"column":4},"end":{"line":227,"column":4}}]},"9":{"line":254,"type":"binary-expr","locations":[{"start":{"line":254,"column":12},"end":{"line":254,"column":19}},{"start":{"line":254,"column":23},"end":{"line":254,"column":25}}]},"10":{"line":255,"type":"cond-expr","locations":[{"start":{"line":256,"column":8},"end":{"line":256,"column":13}},{"start":{"line":256,"column":16},"end":{"line":256,"column":49}}]},"11":{"line":261,"type":"if","locations":[{"start":{"line":261,"column":2},"end":{"line":261,"column":2}},{"start":{"line":261,"column":2},"end":{"line":261,"column":2}}]},"12":{"line":267,"type":"if","locations":[{"start":{"line":267,"column":8},"end":{"line":267,"column":8}},{"start":{"line":267,"column":8},"end":{"line":267,"column":8}}]},"13":{"line":272,"type":"if","locations":[{"start":{"line":272,"column":8},"end":{"line":272,"column":8}},{"start":{"line":272,"column":8},"end":{"line":272,"column":8}}]},"14":{"line":287,"type":"binary-expr","locations":[{"start":{"line":287,"column":12},"end":{"line":287,"column":19}},{"start":{"line":287,"column":23},"end":{"line":287,"column":25}}]},"15":{"line":291,"type":"if","locations":[{"start":{"line":291,"column":2},"end":{"line":291,"column":2}},{"start":{"line":291,"column":2},"end":{"line":291,"column":2}}]},"16":{"line":297,"type":"if","locations":[{"start":{"line":297,"column":8},"end":{"line":297,"column":8}},{"start":{"line":297,"column":8},"end":{"line":297,"column":8}}]}},"code":["/*jslint devel: true, nomen: true, indent: 2, maxlen: 100 */","","\"use strict\";","","var logger = require('./lib/logger');","var api = require('./lib/api');","var notifier = require('./lib/notifier');","var parser = require('./lib/parser');","var RollbarError = require('./lib/error');","","var initialized = false;","","/**"," *"," * Rollbar:"," *"," *  Handle caught and uncaught exceptions, and report messages back to rollbar."," *"," *  This library requires an account at http://rollbar.com/."," *"," * Example usage:"," *"," *  Express -"," *"," *     var express = require('express');"," *     var rollbar = require('rollbar');"," *"," *     var app = express();"," *"," *     app.get('/', function (req, res) {"," *       ..."," *     });"," *"," *     // Use the rollbar error handler to send exceptions to your rollbar account"," *     app.use(rollbar.errorHandler('ROLLBAR_ACCESS_TOKEN'));"," *"," *     app.listen(6943);"," *"," *  Standalone -"," *"," *     var rollbar = require('rollbar');"," *     rollbar.init('ROLLBAR_ACCESS_TOKEN');"," *     rollbar.reportMessage('Hello world', 'debug');"," *"," *  Uncaught exceptions -"," *"," *     var rollbar = require('rollbar');"," *     rollbar.handleUncaughtExceptions('ROLLBAR_ACCESS_TOKEN');"," *"," *  Send exceptions and request data -"," *"," *     app.get('/', function (req, res) {"," *       try {"," *         ..."," *       } catch (e) {"," *         rollbar.handleError(e, req);"," *       }"," *     });"," *"," *  Track people -"," *"," *     app.get('/', function (req, res) {"," *       req.userId = 12345; // or req.user_id"," *       rollbar.reportMessage('Interesting event', req);"," *     });"," */","","exports.init = function (accessToken, options) {","  /*","   * Initialize the rollbar library.","   *","   * For more information on each option, see http://rollbar.com/docs/api_items/","   *","   * Supported options, (all optional):","   *","   *  host - Default: os.hostname() - the hostname of the server the node.js process is running on","   *  environment - Default: 'unspecified' - the environment the code is running in. e.g. 'staging'","   *  endpoint - Default: 'https://api.rollbar.com/api/1/' - the url to send items to","   *  root - the path to your code, (not including any trailing slash) which will be used to link","   *    source files on rollbar","   *  branch - the branch in your version control system for this code","   *  codeVersion - the version or revision of your code","   *  enabled - Default: true - determines if errors gets reported to Rollbar","   *","   */","  if (!initialized) {","    options = options || {};","    if (!accessToken && options.enabled !== false) {","      logger.error('Missing access_token.');","      return;","    }","","    options.environment = options.environment || process.env.NODE_ENV || 'unspecified';","","    api.init(accessToken, options);","    notifier.init(api, options);","    initialized = true;","  }","};","","","/*"," * reportMessage(message, level, request, callback)"," *"," * Sends a message to rollbar with optional level, request and callback."," * The callback should take a single parameter to indicate if there was an"," * error."," *"," * Parameters:"," *  message - a string to send to rollbar"," *  level - Default: 'error' - optional level, 'debug', 'info', 'warning', 'error', 'critical'"," *  request - optional request object to send along with the message"," *  callback - optional callback that will be invoked once the message was reported."," *    callback should take 3 parameters: callback(err, payloadData, response)"," *"," * Examples:"," *"," *  rollbar.reportMessage(\"User purchased something awesome!\", \"info\");"," *"," *  rollbar.reportMessage(\"Something suspicious...\", \"debug\", null, function (err, payloadData) {"," *    if (err) {"," *      console.error('Error sending to Rollbar:', err);"," *    } else {"," *      console.log('Reported message to rollbar:');"," *      console.log(payloadData);"," *    }"," *  });"," *"," */","exports.reportMessage = notifier.reportMessage;","","","/*"," * reportMessageWithPayloadData(message, payloadData, request, callback)"," *"," * The same as reportMessage() but allows you to specify extra data along with the message."," *"," * Parameters:"," *  message - a string to send to rollbar"," *  payloadData - an object containing key/values to be sent along with the message."," *    e.g. {level: \"warning\", fingerprint: \"CustomerFingerPrint\"}"," *  request - optional request object to send along with the message"," *  callback - optional callback that will be invoked once the message has been sent to Rollbar."," *    callback should take 3 parameters: callback(err, payloadData, response)"," *"," * Examples:"," *"," *  rollbar.reportMessageWithPayloadData(\"Memcache miss\","," *    {level: \"debug\", fingerprint: \"Memcache-miss\"}, null, function (err) {"," *    // message was queued/sent to rollbar"," *  });"," *"," */","exports.reportMessageWithPayloadData = notifier.reportMessageWithPayloadData;","","/*"," * handleError(err, request, callback)"," *"," * Send a details about the error to rollbar along with optional request information."," *"," * Parameters:"," *  err - an Exception/Error instance"," *  request - an optional request object to send along with the error"," *  callback - optional callback that will be invoked after the error was sent to Rollbar."," *    callback should take 3 parameters: callback(err, payloadData, response)"," *"," * Examples:"," *"," *  rollbar.handleError(new Error(\"Could not connect to the database\"));"," *"," *  rollbar.handleError(new Error(\"it's just foobar...\"), function (err) {"," *    // error was queued/sent to rollbar"," *  });"," *"," *  rollbar.handleError(new Error(\"invalid request!\"), req);"," *"," */","exports.handleError = notifier.handleError;","","/*"," * handleErrorWithPayloadData(err, payloadData, request, callback)"," *"," * The same as handleError() but allows you to specify additional data to log along with the error,"," * as well as other payload options."," *"," * Parameters:"," *  err - an Exception/Error instance"," *  payloadData - an object containing keys/values to be sent along with the error report."," *    e.g. {level: \"warning\"}"," *  request - optional request object to send along with the message"," *  callback - optional callback that will be invoked after the error was sent to Rollbar."," *    callback should take 3 parameters: callback(err, payloadData, response)"," *"," *  Examples:"," *"," *   rollbar.handleError(new Error(\"Could not connect to database\"), {level: \"warning\"});"," *   rollbar.handleError(new Error(\"Could not connect to database\"),"," *    {custom: {someKey: \"its value, otherKey: [\"other\", \"value\"]}});"," *   rollbar.handleError(new Error(\"error message\"), {}, req, function (err) {"," *     // error was queued/sent to rollbar"," *   });"," */","exports.handleErrorWithPayloadData = notifier.handleErrorWithPayloadData;","","","exports.errorHandler = function (accessToken, options) {","  /*","   * A middleware handler for connect and express.js apps. For a list","   * of supported options, see the init() docs above.","   *","   * All exceptions thrown from inside an express or connect get/post/etc... handler","   * will be sent to rollbar when this middleware is installed.","   */","  exports.init(accessToken, options);","  return function (err, req, res, next) {","    var cb = function (rollbarErr) {","      if (rollbarErr) {","        logger.error('Error reporting to rollbar, ignoring: ' + rollbarErr);","      }","      return next(err, req, res);","    };","","    if (!err) {","      return next(err, req, res);","    }","","    if (err instanceof Error) {","      return notifier.handleError(err, req, cb);","    }","","    return notifier.reportMessage('Error: ' + err, 'error', req, cb);","  };","};","","exports.handleUncaughtExceptionsAndRejections = function (accessToken, options) {","  exports.handleUncaughtExceptions(accessToken, options);","  exports.handleUnhandledRejections(accessToken, options);","};","","exports.handleUncaughtExceptions = function (accessToken, options) {","  /*","   * Registers a handler for the process.uncaughtException event","   *","   * If options.exitOnUncaughtException is set to true, the notifier will","   * immediately send the uncaught exception + all queued items to rollbar,","   * then call process.exit(1).","   *","   * Note: The node.js authors advise against using these type of handlers.","   * More info: http://nodejs.org/api/process.html#process_event_uncaughtexception","   *","   */","","  // Default to not exiting on uncaught exceptions unless options.exitOnUncaughtException is set.","  options = options || {};","  var exitOnUncaught = options.exitOnUncaughtException === undefined ?","        false : !!options.exitOnUncaughtException;","  delete options.exitOnUncaughtException;","","  exports.init(accessToken, options);","","  if (initialized) {","    process.on('uncaughtException', function (err) {","      logger.error('Handling uncaught exception.');","      logger.error(err);","","      notifier.handleError(err, function (err) {","        if (err) {","          logger.error('Encountered an error while handling an uncaught exception.');","          logger.error(err);","        }","","        if (exitOnUncaught) {","          process.exit(1);","        }","      });","    });","  } else {","    logger.error('Rollbar is not initialized. Uncaught exceptions will not be tracked.');","  }","};","","exports.handleUnhandledRejections = function (accessToken, options) {","  /*","   * Registers a handler for the process.unhandledRejection event.","   */","","  options = options || {};","","  exports.init(accessToken, options);","","  if (initialized) {","    process.on('unhandledRejection', function (reason) {","      logger.error('Handling unhandled rejection.');","      logger.error(reason);","","      notifier.handleError(reason, function (err) {","        if (err) {","          logger.error('Encountered an error while handling an unhandled rejection.');","          logger.error(err);","        }","      })","    });","  } else {","    logger.error('Rollbar is not initialized. Uncaught rejections will not be tracked.');","  }","};","","exports.wait = notifier.wait;","","exports.api = api;","exports.notifier = notifier;","exports.parser = parser;","exports.Error = RollbarError;",""],"l":{"5":1,"6":1,"7":1,"8":1,"9":1,"11":1,"68":1,"86":0,"87":0,"88":0,"89":0,"90":0,"93":0,"95":0,"96":0,"97":0,"130":1,"154":1,"178":1,"203":1,"206":1,"214":0,"215":0,"216":0,"217":0,"218":0,"220":0,"223":0,"224":0,"227":0,"228":0,"231":0,"235":1,"236":0,"237":0,"240":1,"254":0,"255":0,"257":0,"259":0,"261":0,"262":0,"263":0,"264":0,"266":0,"267":0,"268":0,"269":0,"272":0,"273":0,"278":0,"282":1,"287":0,"289":0,"291":0,"292":0,"293":0,"294":0,"296":0,"297":0,"298":0,"299":0,"304":0,"308":1,"310":1,"311":1,"312":1,"313":1}},"/home/travis/build/npmtest/node-npmtest-rollbar/node_modules/rollbar/lib/logger.js":{"path":"/home/travis/build/npmtest/node-npmtest-rollbar/node_modules/rollbar/lib/logger.js","s":{"1":1,"2":1,"3":1,"4":1,"5":1},"b":{},"f":{},"fnMap":{},"statementMap":{"1":{"start":{"line":5,"column":0},"end":{"line":5,"column":29}},"2":{"start":{"line":6,"column":0},"end":{"line":6,"column":21}},"3":{"start":{"line":8,"column":0},"end":{"line":11,"column":2}},"4":{"start":{"line":14,"column":0},"end":{"line":14,"column":43}},"5":{"start":{"line":16,"column":0},"end":{"line":16,"column":24}}},"branchMap":{},"code":["/*jslint devel: true, nomen: true, plusplus: true, regexp: true, indent: 2, maxlen: 100 */","","\"use strict\";","","var debug = require('debug');","var name = 'Rollbar';","","var logger = {","  log: debug(name + ':log'),","  error: debug(name + ':error')","};","","// Make logger.log log to stdout rather than stderr","logger.log.log = console.log.bind(console);","","module.exports = logger;",""],"l":{"5":1,"6":1,"8":1,"14":1,"16":1}},"/home/travis/build/npmtest/node-npmtest-rollbar/node_modules/rollbar/lib/api.js":{"path":"/home/travis/build/npmtest/node-npmtest-rollbar/node_modules/rollbar/lib/api.js","s":{"1":1,"2":1,"3":1,"4":1,"5":1,"6":1,"7":1,"8":1,"9":1,"10":1,"11":1,"12":1,"13":1,"14":1,"15":0,"16":0,"17":0,"18":1,"19":0,"20":0,"21":0,"22":0,"23":0,"24":0,"25":0,"26":0,"27":0,"28":0,"29":0,"30":1,"31":0,"32":0,"33":0,"34":0,"35":0,"36":0,"37":0,"38":1,"39":0,"40":0,"41":0,"42":0,"43":0,"44":0,"45":0,"46":0,"47":0,"48":0,"49":0,"50":0,"51":0,"52":0,"53":0,"54":0,"55":0,"56":0,"57":0,"58":0,"59":0,"60":0,"61":0,"62":0,"63":0,"64":0,"65":0,"66":0,"67":0,"68":0,"69":0,"70":0,"71":0,"72":0,"73":0,"74":0,"75":0,"76":0,"77":0,"78":0,"79":0,"80":0,"81":0,"82":0,"83":0,"84":1,"85":0,"86":0,"87":0,"88":0,"89":1,"90":0,"91":0,"92":0,"93":0,"94":0,"95":0,"96":0,"97":0,"98":0,"99":1,"100":0,"101":0,"102":0,"103":0,"104":0,"105":0,"106":0,"107":0,"108":0,"109":0,"110":0,"111":0,"112":0,"113":0,"114":0,"115":1,"116":0},"b":{"1":[0,0],"2":[0,0],"3":[0,0],"4":[0,0],"5":[0,0],"6":[0,0],"7":[0,0],"8":[0,0],"9":[0,0],"10":[0,0],"11":[0,0],"12":[0,0],"13":[0,0],"14":[0,0],"15":[0,0],"16":[0,0],"17":[0,0],"18":[0,0],"19":[0,0],"20":[0,0],"21":[0,0],"22":[0,0]},"f":{"1":0,"2":0,"3":0,"4":0,"5":0,"6":0,"7":0,"8":0,"9":0,"10":0,"11":0,"12":0,"13":0},"fnMap":{"1":{"name":"transportOpts","line":35,"loc":{"start":{"line":35,"column":0},"end":{"line":35,"column":37}}},"2":{"name":"parseApiResponse","line":49,"loc":{"start":{"line":49,"column":0},"end":{"line":49,"column":46}}},"3":{"name":"retryApiRequest","line":76,"loc":{"start":{"line":76,"column":0},"end":{"line":76,"column":31}}},"4":{"name":"(anonymous_4)","line":83,"loc":{"start":{"line":83,"column":30},"end":{"line":83,"column":41}}},"5":{"name":"makeApiRequest","line":91,"loc":{"start":{"line":91,"column":0},"end":{"line":91,"column":30}}},"6":{"name":"(anonymous_6)","line":127,"loc":{"start":{"line":127,"column":32},"end":{"line":127,"column":48}}},"7":{"name":"(anonymous_7)","line":131,"loc":{"start":{"line":131,"column":20},"end":{"line":131,"column":37}}},"8":{"name":"(anonymous_8)","line":135,"loc":{"start":{"line":135,"column":19},"end":{"line":135,"column":31}}},"9":{"name":"(anonymous_9)","line":141,"loc":{"start":{"line":141,"column":18},"end":{"line":141,"column":33}}},"10":{"name":"postApi","line":173,"loc":{"start":{"line":173,"column":0},"end":{"line":173,"column":42}}},"11":{"name":"buildPayload","line":188,"loc":{"start":{"line":188,"column":0},"end":{"line":188,"column":28}}},"12":{"name":"(anonymous_12)","line":218,"loc":{"start":{"line":218,"column":15},"end":{"line":218,"column":47}}},"13":{"name":"(anonymous_13)","line":244,"loc":{"start":{"line":244,"column":19},"end":{"line":244,"column":45}}}},"statementMap":{"1":{"start":{"line":5,"column":0},"end":{"line":5,"column":33}},"2":{"start":{"line":6,"column":0},"end":{"line":6,"column":29}},"3":{"start":{"line":7,"column":0},"end":{"line":7,"column":25}},"4":{"start":{"line":8,"column":0},"end":{"line":8,"column":27}},"5":{"start":{"line":9,"column":0},"end":{"line":9,"column":29}},"6":{"start":{"line":10,"column":0},"end":{"line":10,"column":47}},"7":{"start":{"line":12,"column":0},"end":{"line":12,"column":22}},"8":{"start":{"line":13,"column":0},"end":{"line":13,"column":74}},"9":{"start":{"line":14,"column":0},"end":{"line":14,"column":27}},"10":{"start":{"line":16,"column":0},"end":{"line":16,"column":137}},"11":{"start":{"line":18,"column":0},"end":{"line":24,"column":2}},"12":{"start":{"line":26,"column":0},"end":{"line":26,"column":20}},"13":{"start":{"line":27,"column":0},"end":{"line":27,"column":23}},"14":{"start":{"line":35,"column":0},"end":{"line":46,"column":1}},"15":{"start":{"line":36,"column":2},"end":{"line":36,"column":11}},"16":{"start":{"line":37,"column":2},"end":{"line":38,"column":94}},"17":{"start":{"line":40,"column":2},"end":{"line":45,"column":4}},"18":{"start":{"line":49,"column":0},"end":{"line":74,"column":1}},"19":{"start":{"line":50,"column":2},"end":{"line":55,"column":3}},"20":{"start":{"line":51,"column":4},"end":{"line":51,"column":36}},"21":{"start":{"line":53,"column":4},"end":{"line":53,"column":60}},"22":{"start":{"line":54,"column":4},"end":{"line":54,"column":23}},"23":{"start":{"line":57,"column":2},"end":{"line":60,"column":3}},"24":{"start":{"line":58,"column":4},"end":{"line":58,"column":56}},"25":{"start":{"line":59,"column":4},"end":{"line":59,"column":86}},"26":{"start":{"line":63,"column":2},"end":{"line":71,"column":3}},"27":{"start":{"line":64,"column":4},"end":{"line":67,"column":16}},"28":{"start":{"line":70,"column":4},"end":{"line":70,"column":42}},"29":{"start":{"line":73,"column":2},"end":{"line":73,"column":34}},"30":{"start":{"line":76,"column":0},"end":{"line":89,"column":1}},"31":{"start":{"line":77,"column":2},"end":{"line":78,"column":11}},"32":{"start":{"line":78,"column":4},"end":{"line":78,"column":11}},"33":{"start":{"line":80,"column":2},"end":{"line":80,"column":24}},"34":{"start":{"line":82,"column":2},"end":{"line":88,"column":3}},"35":{"start":{"line":83,"column":4},"end":{"line":87,"column":31}},"36":{"start":{"line":84,"column":6},"end":{"line":86,"column":7}},"37":{"start":{"line":85,"column":8},"end":{"line":85,"column":43}},"38":{"start":{"line":91,"column":0},"end":{"line":170,"column":1}},"39":{"start":{"line":92,"column":2},"end":{"line":92,"column":21}},"40":{"start":{"line":93,"column":2},"end":{"line":93,"column":33}},"41":{"start":{"line":94,"column":2},"end":{"line":94,"column":23}},"42":{"start":{"line":95,"column":2},"end":{"line":95,"column":29}},"43":{"start":{"line":96,"column":2},"end":{"line":96,"column":31}},"44":{"start":{"line":98,"column":2},"end":{"line":100,"column":3}},"45":{"start":{"line":99,"column":4},"end":{"line":99,"column":60}},"46":{"start":{"line":102,"column":2},"end":{"line":112,"column":3}},"47":{"start":{"line":103,"column":4},"end":{"line":108,"column":5}},"48":{"start":{"line":104,"column":6},"end":{"line":104,"column":42}},"49":{"start":{"line":106,"column":6},"end":{"line":106,"column":83}},"50":{"start":{"line":107,"column":6},"end":{"line":107,"column":37}},"51":{"start":{"line":110,"column":4},"end":{"line":110,"column":61}},"52":{"start":{"line":111,"column":4},"end":{"line":111,"column":23}},"53":{"start":{"line":114,"column":2},"end":{"line":114,"column":36}},"54":{"start":{"line":116,"column":2},"end":{"line":116,"column":52}},"55":{"start":{"line":117,"column":2},"end":{"line":117,"column":72}},"56":{"start":{"line":118,"column":2},"end":{"line":118,"column":63}},"57":{"start":{"line":120,"column":2},"end":{"line":125,"column":3}},"58":{"start":{"line":121,"column":4},"end":{"line":121,"column":66}},"59":{"start":{"line":122,"column":4},"end":{"line":122,"column":36}},"60":{"start":{"line":123,"column":4},"end":{"line":123,"column":36}},"61":{"start":{"line":124,"column":4},"end":{"line":124,"column":21}},"62":{"start":{"line":127,"column":2},"end":{"line":139,"column":5}},"63":{"start":{"line":128,"column":4},"end":{"line":128,"column":22}},"64":{"start":{"line":130,"column":4},"end":{"line":130,"column":29}},"65":{"start":{"line":131,"column":4},"end":{"line":133,"column":7}},"66":{"start":{"line":132,"column":6},"end":{"line":132,"column":27}},"67":{"start":{"line":135,"column":4},"end":{"line":138,"column":7}},"68":{"start":{"line":136,"column":6},"end":{"line":136,"column":35}},"69":{"start":{"line":137,"column":6},"end":{"line":137,"column":43}},"70":{"start":{"line":141,"column":2},"end":{"line":164,"column":5}},"71":{"start":{"line":149,"column":4},"end":{"line":149,"column":28}},"72":{"start":{"line":150,"column":4},"end":{"line":157,"column":5}},"73":{"start":{"line":151,"column":6},"end":{"line":156,"column":7}},"74":{"start":{"line":152,"column":8},"end":{"line":155,"column":9}},"75":{"start":{"line":153,"column":10},"end":{"line":153,"column":29}},"76":{"start":{"line":154,"column":10},"end":{"line":154,"column":16}},"77":{"start":{"line":158,"column":4},"end":{"line":163,"column":5}},"78":{"start":{"line":159,"column":6},"end":{"line":159,"column":28}},"79":{"start":{"line":161,"column":6},"end":{"line":161,"column":64}},"80":{"start"
[...]
Pending = !!pendingReads[frameFilename];","","  callback(isValidFilename && !isCached && !isPending);","}","","","function readFileLines(filename, callback) {","  try {","    fs.readFile(filename, function (err, fileData) {","      var fileLines;","      if (err) {","        return callback(err);","      }","","      fileLines = fileData.toString('utf8').split('\\n');","      return callback(null, fileLines);","    });","  } catch (e) {","    logger.log(e);","  }","}","","","/* Older versions of node do not have fs.exists so we implement our own */","function checkFileExists(filename, callback) {","  if (fs.exists !== undefined) {","    fs.exists(filename, callback);","  } else {","    fs.stat(filename, function (err) {","      callback(!err);","    });","  }","}","","","function gatherContexts(frames, callback) {","  var frameFilenames = [];","","  frames.forEach(function (frame) {","    if (frameFilenames.indexOf(frame.filename) === -1) {","      frameFilenames.push(frame.filename);","    }","  });","","  async.filter(frameFilenames, shouldReadFrameFile, function (results) {","    var tempFileCache;","","    tempFileCache = {};","","    function gatherFileData(filename, callback) {","      readFileLines(filename, function (err, lines) {","        if (err) {","          return callback(err);","        }","","        // Cache this in a temp cache as well as the LRU cache so that","        // we know we will have all of the necessary file contents for","        // each filename in tempFileCache.","        tempFileCache[filename] = lines;","        cache.set(filename, lines);","","        return callback(null);","      });","    }","","    function gatherContextLines(frame, callback) {","      var lines = tempFileCache[frame.filename] || cache.get(frame.filename);","","      if (lines) {","        extractContextLines(frame, lines);","      }","      callback(null);","    }","","    async.filter(results, checkFileExists, function (filenames) {","      async.each(filenames, gatherFileData, function (err) {","        if (err) {","          return callback(err);","        }","        async.eachSeries(frames, gatherContextLines, function (err) {","          if (err) {","            return callback(err);","          }","          callback(null, frames);","        });","      });","    });","","  });","}","","/*"," * Public API"," */","","","exports.parseException = function (exc, callback) {","  var multipleErrs = getMultipleErrors(exc.errors);","","  return exports.parseStack(exc.stack, function (err, stack) {","    var message, clss, ret, firstErr, jadeMatch, jadeData;","","    if (err) {","      logger.error('could not parse exception, err: ' + err);","      return callback(err);","    }","    message = String(exc.message || '<no message>') ;","    clss = String(exc.name || '<unknown>');","","    ret = {","      class: clss,","      message: message,","      frames: stack","    };","","    if (multipleErrs && multipleErrs.length) {","      firstErr = multipleErrs[0];","      ret = {","        class: clss,","        message: String(firstErr.message || '<no message>'),","        frames: stack","      };","    }","","    jadeMatch = message.match(jadeFramePattern);","    if (jadeMatch) {","      jadeData = parseJadeDebugFrame(message);","      ret.message = jadeData.message;","      ret.frames.push(jadeData.frame);","    }","    return callback(null, ret);","  });","};","","","exports.parseStack = function (stack, callback) {","  var lines, _stack = stack;","","  // Some JS frameworks (e.g. Meteor) might bury the stack property","  while (typeof _stack === 'object') {","    _stack = _stack && _stack.stack;","  }","","  // grab all lines except the first","  lines = (_stack || '').split('\\n').slice(1);","","  // Parse out all of the frame and filename info","  async.map(lines, parseFrameLine, function (err, frames) {","    if (err) {","      return callback(err);","    }","    frames.reverse();","    async.filter(frames, function (frame, callback) { callback(!!frame); }, function (results) {","      gatherContexts(results, callback);","    });","  });","};",""],"l":{"5":1,"6":1,"7":1,"8":1,"9":1,"11":1,"12":1,"15":1,"16":1,"19":1,"20":1,"22":1,"23":1,"31":1,"32":0,"34":0,"35":0,"38":0,"39":0,"42":0,"43":0,"46":0,"48":0,"49":0,"50":0,"53":0,"57":1,"58":0,"62":0,"63":0,"64":0,"65":0,"66":0,"67":0,"69":0,"71":0,"72":0,"73":0,"74":0,"75":0,"76":0,"77":0,"78":0,"80":0,"81":0,"82":0,"85":0,"86":0,"93":0,"94":0,"96":0,"112":1,"113":0,"114":0,"121":1,"122":0,"124":0,"125":0,"126":0,"127":0,"129":0,"130":0,"131":0,"134":0,"135":0,"144":0,"145":0,"148":0,"149":0,"152":0,"156":1,"157":0,"159":0,"160":0,"161":0,"163":0,"167":1,"168":0,"169":0,"170":0,"171":0,"172":0,"175":0,"176":0,"179":0,"185":1,"186":0,"187":0,"189":0,"190":0,"196":1,"197":0,"199":0,"200":0,"201":0,"205":0,"206":0,"208":0,"210":1,"211":0,"212":0,"213":0,"219":0,"220":0,"222":0,"226":1,"227":0,"229":0,"230":0,"232":0,"235":0,"236":0,"237":0,"238":0,"240":0,"241":0,"242":0,"244":0,"257":1,"258":0,"260":0,"261":0,"263":0,"264":0,"265":0,"267":0,"268":0,"270":0,"276":0,"277":0,"278":0,"285":0,"286":0,"287":0,"288":0,"289":0,"291":0,"296":1,"297":0,"300":0,"301":0,"305":0,"308":0,"309":0,"310":0,"312":0,"313":0,"314":0}},"/home/travis/build/npmtest/node-npmtest-rollbar/node_modules/rollbar/lib/error.js":{"path":"/home/travis/build/npmtest/node-npmtest-rollbar/node_modules/rollbar/lib/error.js","s":{"1":1,"2":1,"3":0,"4":0,"5":0,"6":0,"7":0,"8":1,"9":1},"b":{},"f":{"1":0},"fnMap":{"1":{"name":"RollbarError","line":4,"loc":{"start":{"line":4,"column":0},"end":{"line":5,"column":0}}}},"statementMap":{"1":{"start":{"line":1,"column":0},"end":{"line":1,"column":27}},"2":{"start":{"line":4,"column":0},"end":{"line":12,"column":1}},"3":{"start":{"line":6,"column":2},"end":{"line":6,"column":19}},"4":{"start":{"line":7,"column":2},"end":{"line":7,"column":50}},"5":{"start":{"line":9,"column":2},"end":{"line":9,"column":25}},"6":{"start":{"line":10,"column":2},"end":{"line":10,"column":23}},"7":{"start":{"line":11,"column":2},"end":{"line":11,"column":36}},"8":{"start":{"line":14,"column":0},"end":{"line":14,"column":35}},"9":{"start":{"line":16,"column":0},"end":{"line":16,"column":30}}},"branchMap":{},"code":["var util = require('util');","","","function RollbarError(message, nested)","{","  Error.call(this);","  Error.captureStackTrace(this, this.constructor);","","  this.message = message;","  this.nested = nested;","  this.name = this.constructor.name;","}","","util.inherits(RollbarError, Error);","","module.exports = RollbarError;","",""],"l":{"1":1,"4":1,"6":0,"7":0,"9":0,"10":0,"11":0,"14":1,"16":1}},"/home/travis/build/npmtest/node-npmtest-rollbar/node_modules/rollbar/deploy.js":{"path":"/home/travis/build/npmtest/node-npmtest-rollbar/node_modules/rollbar/deploy.js","s":{"1":1,"2":1,"3":1,"4":1},"b":{},"f":{},"fnMap":{},"statementMap":{"1":{"start":{"line":5,"column":0},"end":{"line":5,"column":37}},"2":{"start":{"line":7,"column":0},"end":{"line":7,"column":43}},"3":{"start":{"line":8,"column":0},"end":{"line":8,"column":37}},"4":{"start":{"line":9,"column":0},"end":{"line":9,"column":41}}},"branchMap":{},"code":["/*jslint devel: true, nomen: true, indent: 2, maxlen: 100 */","","\"use strict\";","","var deploy = require('./lib/deploy');","","exports.createDeploy = deploy.createDeploy;","exports.getDeploy = deploy.getDeploy;","exports.listDeploys = deploy.listDeploys;",""],"l":{"5":1,"7":1,"8":1,"9":1}},"/home/travis/build/npmtest/node-npmtest-rollbar/node_modules/rollbar/lib/deploy.js":{"path":"/home/travis/build/npmtest/node-npmtest-rollbar/node_modules/rollbar/lib/deploy.js","s":{"1":1,"2":1,"3":1,"4":0,"5":0,"6":0,"7":0,"8":0,"9":0,"10":0,"11":0,"12":0,"13":0,"14":0,"15":1,"16":0,"17":0,"18":0,"19":0,"20":1,"21":0,"22":0,"23":0,"24":0,"25":0,"26":0,"27":0,"28":0,"29":0,"30":0,"31":0,"32":0,"33":0,"34":0,"35":1,"36":0,"37":0,"38":0,"39":0,"40":0,"41":0,"42":0,"43":0,"44":0,"45":1,"46":0,"47":0,"48":0,"49":0,"50":0,"51":0,"52":0,"53":0,"54":0,"55":0,"56":0,"57":0},"b":{"1":[0,0],"2":[0,0],"3":[0,0],"4":[0,0],"5":[0,0],"6":[0,0],"7":[0,0]},"f":{"1":0,"2":0,"3":0,"4":0,"5":0,"6":0,"7":0,"8":0,"9":0,"10":0,"11":0,"12":0,"13":0},"fnMap":{"1":{"name":"handleResponse","line":14,"loc":{"start":{"line":14,"column":0},"end":{"line":14,"column":39}}},"2":{"name":"(anonymous_2)","line":17,"loc":{"start":{"line":17,"column":17},"end":{"line":17,"column":32}}},"3":{"name":"(anonymous_3)","line":18,"loc":{"start":{"line":18,"column":16},"end":{"line":18,"column":27}}},"4":{"name":"createRequestOpts","line":31,"loc":{"start":{"line":31,"column":0},"end":{"line":31,"column":64}}},"5":{"name":"(anonymous_5)","line":66,"loc":{"start":{"line":66,"column":23},"end":{"line":66,"column":69}}},"6":{"name":"(anonymous_6)","line":68,"loc":{"start":{"line":68,"column":15},"end":{"line":68,"column":25}}},"7":{"name":"(anonymous_7)","line":72,"loc":{"start":{"line":72,"column":39},"end":{"line":72,"column":53}}},"8":{"name":"(anonymous_8)","line":101,"loc":{"start":{"line":101,"column":20},"end":{"line":101,"column":68}}},"9":{"name":"(anonymous_9)","line":103,"loc":{"start":{"line":103,"column":15},"end":{"line":103,"column":25}}},"10":{"name":"(anonymous_10)","line":111,"loc":{"start":{"line":111,"column":39},"end":{"line":111,"column":53}}},"11":{"name":"(anonymous_11)","line":128,"loc":{"start":{"line":128,"column":22},"end":{"line":128,"column":69}}},"12":{"name":"(anonymous_12)","line":133,"loc":{"start":{"line":133,"column":15},"end":{"line":133,"column":25}}},"13":{"name":"(anonymous_13)","line":143,"loc":{"start":{"line":143,"column":39},"end":{"line":143,"column":53}}}},"statementMap":{"1":{"start":{"line":11,"column":0},"end":{"line":11,"column":29}},"2":{"start":{"line":12,"column":0},"end":{"line":12,"column":33}},"3":{"start":{"line":14,"column":0},"end":{"line":29,"column":1}},"4":{"start":{"line":15,"column":2},"end":{"line":15,"column":26}},"5":{"start":{"line":16,"column":2},"end":{"line":16,"column":19}},"6":{"start":{"line":17,"column":2},"end":{"line":17,"column":54}},"7":{"start":{"line":17,"column":34},"end":{"line":17,"column":51}},"8":{"start":{"line":18,"column":2},"end":{"line":28,"column":5}},"9":{"start":{"line":19,"column":4},"end":{"line":27,"column":5}},"10":{"start":{"line":20,"column":6},"end":{"line":20,"column":43}},"11":{"start":{"line":21,"column":6},"end":{"line":23,"column":7}},"12":{"start":{"line":22,"column":8},"end":{"line":22,"column":41}},"13":{"start":{"line":24,"column":6},"end":{"line":24,"column":27}},"14":{"start":{"line":26,"column":6},"end":{"line":26,"column":22}},"15":{"start":{"line":31,"column":0},"end":{"line":49,"column":1}},"16":{"start":{"line":32,"column":2},"end":{"line":42,"column":4}},"17":{"start":{"line":44,"column":2},"end":{"line":46,"column":3}},"18":{"start":{"line":45,"column":4},"end":{"line":45,"column":72}},"19":{"start":{"line":48,"column":2},"end":{"line":48,"column":21}},"20":{"start":{"line":66,"column":0},"end":{"line":89,"column":2}},"21":{"start":{"line":67,"column":2},"end":{"line":68,"column":28}},"22":{"start":{"line":68,"column":4},"end":{"line":68,"column":28}},"23":{"start":{"line":70,"column":2},"end":{"line":70,"column":70}},"24":{"start":{"line":72,"column":2},"end":{"line":74,"column":5}},"25":{"start":{"line":73,"column":4},"end":{"line":73,"column":34}},"26":{"start":{"line":76,"column":2},"end":{"line":76,"column":21}},"27":{"start":{"line":77,"column":2},"end":{"line":86,"column":3}},"28":{"start":{"line":78,"column":4},"end":{"line":82,"column":5}},"29":{"start":{"line":79,"column":6},"end":{"line":79,"column":41}},"30":{"start":{"line":81,"column":6},"end":{"line":81,"column":36}},"31":{"start":{"line":84,"column":4},"end":{"line":84,"column":62}},"32":{"start":{"line":85,"column":4},"end":{"line":85,"column":23}},"33":{"start":{"line":87,"column":2},"end":{"line":87,"column":23}},"34":{"start":{"line":88,"column":2},"end":{"line":88,"column":12}},"35":{"start":{"line":101,"column":0},"end":{"line":116,"column":2}},"36":{"start":{"line":102,"column":2},"end":{"line":103,"column":28}},"37":{"start":{"line":103,"column":4},"end":{"line":103,"column":28}},"38":{"start":{"line":105,"column":2},"end":{"line":105,"column":18}},"39":{"start":{"line":106,"column":2},"end":{"line":106,"column":43}},"40":{"start":{"line":107,"column":2},"end":{"line":107,"column":35}},"41":{"start":{"line":109,"column":2},"end":{"line":109,"column":93}},"42":{"start":{"line":111,"column":2},"end":{"line":113,"column":5}},"43":{"start":{"line":112,"column":4},"end":{"line":112,"column":34}},"44":{"start":{"line":115,"column":2},"end":{"line":115,"column":12}},"45":{"start":{"line":128,"column":0},"end":{"line":148,"column":2}},"46":{"start":{"line":129,"column":2},"end":{"line":130,"column":16}},"47":{"start":{"line":130,"column":4},"end":{"line":130,"column":16}},"48":{"start":{"line":132,"column":2},"end":{"line":133,"column":28}},"49":{"start":{"line":133,"column":4},"end":{"line":133,"column":28}},"50":{"start":{"line":135,"column":2},"end":{"line":135,"column":18}},"51":{"start":{"line":136,"column":2},"end":{"line":136,"column":31}},"52":{"start":{"line":137,"column":2},"end":{"line":137,"column":43}},"53":{"start":{"line":138,"column":2},"end":{"line":138,"column":35}},"54":{"start":{"line":141,"column":2},"end":{"line":141,"column":80}},"55":{"start":{"line":143,"column":2},"end":{"line":145,"column":5}},"56":{"start":{"line":144,"column":4},"end":{"line":144,"column":34}},"57":{"start":{"line":147,"column":2},"end":{"line":147,"column":12}}},"branchMap":{"1":{"line":21,"type":"if","locations":[{"start":{"line":21,"column":6},"end":{"line":21,"column":6}},{"start":{"line":21,"column":6},"end":{"line":21,"column":6}}]},"2":{"line":44,"type":"if","locations":[{"start":{"line":44,"column":2},"end":{"line":44,"column":2}},{"start":{"line":44,"column":2},"end":{"line":44,"column":2}}]},"3":{"line":67,"type":"if","locations":[{"start":{"line":67,"column":2},"end":{"line":67,"column":2}},{"start":{"line":67,"column":2},"end":{"line":67,"column":2}}]},"4":{"line":102,"type":"if","locations":[{"start":{"line":102,"column":2},"end":{"line":102,"column":2}},{"start":{"line":102,"column":2},"end":{"line":102,"column":2}}]},"5":{"line":129,"type":"if","locations":[{"start":{"line":129,"column":2},"end":{"line":129,"column":2}},{"start":{"line":129,"column":2},"end":{"line":129,"column":2}}]},"6":{"line":129,"type":"binary-expr","locations":[{"start":{"line":129,"column":6},"end":{"line":129,"column":32}},{"start":{"line":129,"column":36},"end":{"line":129,"column":47}}]},"7":{"line":132,"type":"if","locations":[{"start":{"line":132,"column":2},"end":{"line":132,"column":2}},{"start":{"line":132,"column":2},"end":{"line":132,"column":2}}]}},"code":["/*jslint devel: true, nomen: true, plusplus: true, regexp: true, indent: 2, maxlen: 100 */","","/*"," *  This is an implementation of Rollbar's deploy feature.  It can be used and"," *  required independently from the rest of the Rollbar library.  Implementation"," *  details can be found at: https://rollbar.com/docs/api/deploys/"," */","","\"use strict\";","","var https = require('https');","var logger = require('./logger');","","function handleResponse(res, callback) {","  res.setEncoding('utf8');","  var rawData = '';","  res.on('data', function(chunk){ rawData += chunk });","  res.on('end', function() {","    try {","      var parsedData = JSON.parse(rawData);","      if (parsedData.err) {","        logger.error(parsedData.message);","      }","      callback(parsedData);","    } catch (e) {","      logger.error(e);","    }","  });","};","","function createRequestOpts(method, path, accessToken, postData) {","  var requestOpts = {","    protocol: 'https:',","    host: 'api.rollbar.com',","    port: 443,","    path: '/api/1/'+path,","    method: method,","    headers: {","      'Content-Type': 'application/json',","      'X-Rollbar-Access-Token': accessToken","    }","  };","","  if (postData) {","    requestOpts.headers['Content-Length'] = Buffer.byteLength(postData);","  }","","  return requestOpts;","};","","/**"," * Create a deploy entry."," * This is an implementation of the API specified at:"," * https://rollbar.com/docs/api/deploys/#record-create-a-deploy"," *"," * @param accessToken - A post_server_item-scope project access token."," * @param params - An object with some required and optional parameters"," *          environment:  Required. Name of the environment being deployed. (String up to 255 chars)"," *          revision: Required. String identifying the revision being deployed, such as a Git SHA. (String up to 255 chars). This param can also be provided under the name head_long."," *          rollbar_username: Rollbar username of the user who deployed."," *          local_username: Username (on your system) who deployed. (String up to 255 chars)"," *          comment: Additional text data to record with this deploy. (String up to 64kb)"," * @param opts - An object with connection options."," * @param callback"," */","exports.createDeploy = function(accessToken, params, opts, callback) {","  if (typeof callback != 'function')","    callback = function(){};","","  var requestOpts = createRequestOpts('POST', 'deploy/', accessToken);","","  var req = https.request(requestOpts, function(res) {","    handleResponse(res, callback);","  });","","  var writeData = {};","  try {","    try {","      writeData = JSON.stringify(params);","    } catch (e) {","      writedata = stringify(params);","    }","  } catch (e) {","    logger.error('Could not safe-stringify data.  Giving up');","    return callback(e);","  }","  req.write(writeData);","  req.end();","};","","/**"," * Retrieve a single deploy entry using an ID."," * This is an implementation of the API specified at:"," * https://rollbar.com/docs/api/deploys/#get-a-deploy-by-id"," *"," * @param accessToken - Required. A read-scope project access token."," * @param deployId - Required.  The ID to fetch."," * @param opts - An object with connection options"," * @param callback"," */","exports.getDeploy = function(accessToken, deployId, opts, callback) {","  if (typeof callback != 'function')","    callback = function(){};","","  var params = [];","  params.push('access_token='+accessToken);","  var paramsStr = params.join('&');","","  var requestOpts = createRequestOpts('GET', 'deploy/'+deployId+'/?'+paramsStr, accessToken);","","  var req = https.request(requestOpts, function(res) {","    handleResponse(res, callback);","  });","","  req.end();","};","","/**"," * Retrieve a list of deploys."," * This is an implementation of the API specified at:"," * https://rollbar.com/docs/api/deploys/#list-all-deploys"," *"," * @param accessToken - Required. A read-scope project access token."," * @param pageNum - An integer page number >= 1.  If not specified, 1 will be used."," * @param opts - An object with connection options."," * @param callback"," */","exports.listDeploys = function(accessToken, pageNum, opts, callback) {","  if (typeof pageNum != 'number' || pageNum < 1)","    pageNum = 1;","","  if (typeof callback != 'function')","    callback = function(){};","","  var params = [];","  params.push('page='+pageNum);","  params.push('access_token='+accessToken);","  var paramsStr = params.join('&');","","  ","  var requestOpts = createRequestOpts('GET', 'deploys?'+paramsStr, accessToken);","","  var req = https.request(requestOpts, function(res) {","    handleResponse(res, callback);","  });","","  req.end();","};",""],"l":{"11":1,"12":1,"14":1,"15":0,"16":0,"17":0,"18":0,"19":0,"20":0,"21":0,"22":0,"24":0,"26":0,"31":1,"32":0,"44":0,"45":0,"48":0,"66":1,"67":0,"68":0,"70":0,"72":0,"73":0,"76":0,"77":0,"78":0,"79":0,"81":0,"84":0,"85":0,"87":0,"88":0,"101":1,"102":0,"103":0,"105":0,"106":0,"107":0,"109":0,"111":0,"112":0,"115":0,"128":1,"129":0,"130":0,"132":0,"133":0,"135":0,"136":0,"137":0,"138":0,"141":0,"143":0,"144":0,"147":0}}}